<?xml version="1.0" encoding="utf-8"?><testsuites><testsuite name="pytest" errors="0" failures="0" skipped="2" tests="601" time="10.894" timestamp="2023-02-23T12:08:44.045096" hostname="c889f3bcb5cd"><testcase classname="test_opensearchpy.test_cases.TestOpenSearchTestCase" name="test_each_call_is_recorded" file="test_opensearchpy/test_cases.py" line="72" time="0.002" /><testcase classname="test_opensearchpy.test_cases.TestOpenSearchTestCase" name="test_our_transport_used" file="test_opensearchpy/test_cases.py" line="66" time="0.001" /><testcase classname="test_opensearchpy.test_cases.TestOpenSearchTestCase" name="test_start_with_0_call" file="test_opensearchpy/test_cases.py" line="69" time="0.001" /><testcase classname="test_opensearchpy.test_connection.TestBaseConnection" name="test_ca_certs_certifi" file="test_opensearchpy/test_connection.py" line="179" time="0.001" /><testcase classname="test_opensearchpy.test_connection.TestBaseConnection" name="test_ca_certs_ssl_cert_dir" file="test_opensearchpy/test_connection.py" line="173" time="0.001" /><testcase classname="test_opensearchpy.test_connection.TestBaseConnection" name="test_ca_certs_ssl_cert_file" file="test_opensearchpy/test_connection.py" line="167" time="0.001" /><testcase classname="test_opensearchpy.test_connection.TestBaseConnection" name="test_compatibility_accept_header" file="test_opensearchpy/test_connection.py" line="147" time="0.001" /><testcase classname="test_opensearchpy.test_connection.TestBaseConnection" name="test_empty_warnings" file="test_opensearchpy/test_connection.py" line="81" time="0.001" /><testcase classname="test_opensearchpy.test_connection.TestBaseConnection" name="test_ipv6_host_and_port" file="test_opensearchpy/test_connection.py" line="136" time="0.001" /><testcase classname="test_opensearchpy.test_connection.TestBaseConnection" name="test_no_ca_certs" file="test_opensearchpy/test_connection.py" line="184" time="0.001" /><testcase classname="test_opensearchpy.test_connection.TestBaseConnection" name="test_raises_errors" file="test_opensearchpy/test_connection.py" line="123" time="0.001" /><testcase classname="test_opensearchpy.test_connection.TestBaseConnection" name="test_raises_warnings" file="test_opensearchpy/test_connection.py" line="89" time="0.001" /><testcase classname="test_opensearchpy.test_connection.TestBaseConnection" name="test_raises_warnings_when_folded" file="test_opensearchpy/test_connection.py" line="111" time="0.001" /><testcase classname="test_opensearchpy.test_connection.TestUrllib3Connection" name="test_aws_signer_as_http_auth" file="test_opensearchpy/test_connection.py" line="321" time="0.015" /><testcase classname="test_opensearchpy.test_connection.TestUrllib3Connection" name="test_aws_signer_when_credentials_is_null" file="test_opensearchpy/test_connection.py" line="357" time="0.001" /><testcase classname="test_opensearchpy.test_connection.TestUrllib3Connection" name="test_aws_signer_when_region_is_null" file="test_opensearchpy/test_connection.py" line="341" time="0.001" /><testcase classname="test_opensearchpy.test_connection.TestUrllib3Connection" name="test_aws_signer_when_service_is_specified" file="test_opensearchpy/test_connection.py" line="373" time="0.001" /><testcase classname="test_opensearchpy.test_connection.TestUrllib3Connection" name="test_default_user_agent" file="test_opensearchpy/test_connection.py" line="263" time="0.001" /><testcase classname="test_opensearchpy.test_connection.TestUrllib3Connection" name="test_doesnt_use_https_if_not_specified" file="test_opensearchpy/test_connection.py" line="423" time="0.001" /><testcase classname="test_opensearchpy.test_connection.TestUrllib3Connection" name="test_http_auth" file="test_opensearchpy/test_connection.py" line="285" time="0.001" /><testcase classname="test_opensearchpy.test_connection.TestUrllib3Connection" name="test_http_auth_list" file="test_opensearchpy/test_connection.py" line="309" time="0.001" /><testcase classname="test_opensearchpy.test_connection.TestUrllib3Connection" name="test_http_auth_tuple" file="test_opensearchpy/test_connection.py" line="297" time="0.001" /><testcase classname="test_opensearchpy.test_connection.TestUrllib3Connection" name="test_http_compression" file="test_opensearchpy/test_connection.py" line="238" time="0.002" /><testcase classname="test_opensearchpy.test_connection.TestUrllib3Connection" name="test_keep_alive_is_on_by_default" file="test_opensearchpy/test_connection.py" line="274" time="0.001" /><testcase classname="test_opensearchpy.test_connection.TestUrllib3Connection" name="test_no_http_compression" file="test_opensearchpy/test_connection.py" line="225" time="0.001" /><testcase classname="test_opensearchpy.test_connection.TestUrllib3Connection" name="test_no_warning_when_using_ssl_context" file="test_opensearchpy/test_connection.py" line="427" time="0.002" /><testcase classname="test_opensearchpy.test_connection.TestUrllib3Connection" name="test_nowarn_when_uses_https_if_verify_certs_is_off" file="test_opensearchpy/test_connection.py" line="414" time="0.001" /><testcase classname="test_opensearchpy.test_connection.TestUrllib3Connection" name="test_opaque_id" file="test_opensearchpy/test_connection.py" line="221" time="0.001" /><testcase classname="test_opensearchpy.test_connection.TestUrllib3Connection" name="test_recursion_error_reraised" file="test_opensearchpy/test_connection.py" line="485" time="0.001" /><testcase classname="test_opensearchpy.test_connection.TestUrllib3Connection" name="test_ssl_context" file="test_opensearchpy/test_connection.py" line="205" time="0.001" /><testcase classname="test_opensearchpy.test_connection.TestUrllib3Connection" name="test_surrogatepass_into_bytes" file="test_opensearchpy/test_connection.py" line="479" time="0.001" /><testcase classname="test_opensearchpy.test_connection.TestUrllib3Connection" name="test_timeout_set" file="test_opensearchpy/test_connection.py" line="270" time="0.001" /><testcase classname="test_opensearchpy.test_connection.TestUrllib3Connection" name="test_uncompressed_body_logged" file="test_opensearchpy/test_connection.py" line="468" time="0.002" /><testcase classname="test_opensearchpy.test_connection.TestUrllib3Connection" name="test_uses_default_ca_certs" file="test_opensearchpy/test_connection.py" line="460" time="0.001" /><testcase classname="test_opensearchpy.test_connection.TestUrllib3Connection" name="test_uses_given_ca_certs" file="test_opensearchpy/test_connection.py" line="455" time="0.001" /><testcase classname="test_opensearchpy.test_connection.TestUrllib3Connection" name="test_uses_https_if_verify_certs_is_off" file="test_opensearchpy/test_connection.py" line="403" time="0.001" /><testcase classname="test_opensearchpy.test_connection.TestUrllib3Connection" name="test_uses_no_ca_certs" file="test_opensearchpy/test_connection.py" line="464" time="0.001" /><testcase classname="test_opensearchpy.test_connection.TestUrllib3Connection" name="test_warns_if_using_non_default_ssl_kwargs_with_ssl_context" file="test_opensearchpy/test_connection.py" line="433" time="0.002" /><testcase classname="test_opensearchpy.test_connection.TestRequestsConnection" name="test_body_attached" file="test_opensearchpy/test_connection.py" line="805" time="0.009" /><testcase classname="test_opensearchpy.test_connection.TestRequestsConnection" name="test_conflict_error_is_returned_on_409" file="test_opensearchpy/test_connection.py" line="678" time="0.002" /><testcase classname="test_opensearchpy.test_connection.TestRequestsConnection" name="test_custom_headers" file="test_opensearchpy/test_connection.py" line="646" time="0.002" /><testcase classname="test_opensearchpy.test_connection.TestRequestsConnection" name="test_custom_http_auth_is_allowed" file="test_opensearchpy/test_connection.py" line="534" time="0.001" /><testcase classname="test_opensearchpy.test_connection.TestRequestsConnection" name="test_default_headers" file="test_opensearchpy/test_connection.py" line="640" time="0.002" /><testcase classname="test_opensearchpy.test_connection.TestRequestsConnection" name="test_defaults" file="test_opensearchpy/test_connection.py" line="787" time="0.002" /><testcase classname="test_opensearchpy.test_connection.TestRequestsConnection" name="test_failed_request_logs_and_traces" file="test_opensearchpy/test_connection.py" line="696" time="0.004" /><testcase classname="test_opensearchpy.test_connection.TestRequestsConnection" name="test_head_with_404_doesnt_get_logged" file="test_opensearchpy/test_connection.py" line="690" time="0.002" /><testcase classname="test_opensearchpy.test_connection.TestRequestsConnection" name="test_http_auth" file="test_opensearchpy/test_connection.py" line="660" time="0.001" /><testcase classname="test_opensearchpy.test_connection.TestRequestsConnection" name="test_http_auth_attached" file="test_opensearchpy/test_connection.py" line="813" time="0.002" /><testcase classname="test_opensearchpy.test_connection.TestRequestsConnection" name="test_http_auth_list" file="test_opensearchpy/test_connection.py" line="668" time="0.001" /><testcase classname="test_opensearchpy.test_connection.TestRequestsConnection" name="test_http_auth_tuple" file="test_opensearchpy/test_connection.py" line="664" time="0.001" /><testcase classname="test_opensearchpy.test_connection.TestRequestsConnection" name="test_http_compression" file="test_opensearchpy/test_connection.py" line="560" time="0.003" /><testcase classname="test_opensearchpy.test_connection.TestRequestsConnection" name="test_merge_headers" file="test_opensearchpy/test_connection.py" line="631" time="0.002" /><testcase classname="test_opensearchpy.test_connection.TestRequestsConnection" name="test_no_http_compression" file="test_opensearchpy/test_connection.py" line="548" time="0.002" /><testcase classname="test_opensearchpy.test_connection.TestRequestsConnection" name="test_not_found_error_is_returned_on_404" file="test_opensearchpy/test_connection.py" line="682" time="0.002" /><testcase classname="test_opensearchpy.test_connection.TestRequestsConnection" name="test_nowarn_when_uses_https_if_verify_certs_is_off" file="test_opensearchpy/test_connection.py" line="613" time="0.002" /><testcase classname="test_opensearchpy.test_connection.TestRequestsConnection" name="test_opaque_id" file="test_opensearchpy/test_connection.py" line="544" time="0.001" /><testcase classname="test_opensearchpy.test_connection.TestRequestsConnection" name="test_params_properly_encoded" file="test_opensearchpy/test_connection.py" line="795" time="0.002" /><testcase classname="test_opensearchpy.test_connection.TestRequestsConnection" name="test_recursion_error_reraised" file="test_opensearchpy/test_connection.py" line="843" time="0.002" /><testcase classname="test_opensearchpy.test_connection.TestRequestsConnection" name="test_repr" file="test_opensearchpy/test_connection.py" line="672" time="0.001" /><testcase classname="test_opensearchpy.test_connection.TestRequestsConnection" name="test_request_error_is_returned_on_400" file="test_opensearchpy/test_connection.py" line="686" time="0.002" /><testcase classname="test_opensearchpy.test_connection.TestRequestsConnection" name="test_success_logs_and_traces" file="test_opensearchpy/test_connection.py" line="724" time="0.005" /><testcase classname="test_opensearchpy.test_connection.TestRequestsConnection" name="test_surrogatepass_into_bytes" file="test_opensearchpy/test_connection.py" line="837" time="0.002" /><testcase classname="test_opensearchpy.test_connection.TestRequestsConnection" name="test_timeout_set" file="test_opensearchpy/test_connection.py" line="540" time="0.001" /><testcase classname="test_opensearchpy.test_connection.TestRequestsConnection" name="test_uncompressed_body_logged" file="test_opensearchpy/test_connection.py" line="764" time="0.004" /><testcase classname="test_opensearchpy.test_connection.TestRequestsConnection" name="test_url_prefix" file="test_opensearchpy/test_connection.py" line="819" time="0.003" /><testcase classname="test_opensearchpy.test_connection.TestRequestsConnection" name="test_uses_default_ca_certs" file="test_opensearchpy/test_connection.py" line="605" time="0.001" /><testcase classname="test_opensearchpy.test_connection.TestRequestsConnection" name="test_uses_given_ca_certs" file="test_opensearchpy/test_connection.py" line="600" time="0.001" /><testcase classname="test_opensearchpy.test_connection.TestRequestsConnection" name="test_uses_https_if_verify_certs_is_off" file="test_opensearchpy/test_connection.py" line="583" time="0.002" /><testcase classname="test_opensearchpy.test_connection.TestRequestsConnection" name="test_uses_no_ca_certs" file="test_opensearchpy/test_connection.py" line="609" time="0.001" /><testcase classname="test_opensearchpy.test_connection.TestConnectionHttpbin" name="test_urllib3_connection" file="test_opensearchpy/test_connection.py" line="870" time="1.634" /><testcase classname="test_opensearchpy.test_connection.TestConnectionHttpbin" name="test_urllib3_connection_error" file="test_opensearchpy/test_connection.py" line="934" time="0.010" /><testcase classname="test_opensearchpy.test_connection.TestConnectionHttpbin" name="test_requests_connection" file="test_opensearchpy/test_connection.py" line="939" time="2.195" /><testcase classname="test_opensearchpy.test_connection.TestConnectionHttpbin" name="test_requests_connection_error" file="test_opensearchpy/test_connection.py" line="1002" time="0.010" /><testcase classname="test_opensearchpy.test_connection" name="test_default_connection_is_returned_by_default" file="test_opensearchpy/test_connection.py" line="1008" time="0.001" /><testcase classname="test_opensearchpy.test_connection" name="test_get_connection_created_connection_if_needed" file="test_opensearchpy/test_connection.py" line="1019" time="0.002" /><testcase classname="test_opensearchpy.test_connection" name="test_configure_preserves_unchanged_connections" file="test_opensearchpy/test_connection.py" line="1033" time="0.002" /><testcase classname="test_opensearchpy.test_connection" name="test_remove_connection_removes_both_conn_and_conf" file="test_opensearchpy/test_connection.py" line="1050" time="0.001" /><testcase classname="test_opensearchpy.test_connection" name="test_create_connection_constructs_client" file="test_opensearchpy/test_connection.py" line="1065" time="0.001" /><testcase classname="test_opensearchpy.test_connection" name="test_create_connection_adds_our_serializer" file="test_opensearchpy/test_connection.py" line="1073" time="0.001" /><testcase classname="test_opensearchpy.test_connection_pool.TestConnectionPool" name="test_already_failed_connection_has_longer_timeout" file="test_opensearchpy/test_connection_pool.py" line="140" time="0.002" /><testcase classname="test_opensearchpy.test_connection_pool.TestConnectionPool" name="test_connection_is_forcibly_resurrected_when_no_live_ones_are_availible" file="test_opensearchpy/test_connection_pool.py" line="113" time="0.001" /><testcase classname="test_opensearchpy.test_connection_pool.TestConnectionPool" name="test_connection_is_resurrected_after_its_timeout" file="test_opensearchpy/test_connection_pool.py" line="123" time="0.001" /><testcase classname="test_opensearchpy.test_connection_pool.TestConnectionPool" name="test_connection_is_skipped_when_dead" file="test_opensearchpy/test_connection_pool.py" line="93" time="0.001" /><testcase classname="test_opensearchpy.test_connection_pool.TestConnectionPool" name="test_dead_count_is_wiped_clean_for_connection_if_marked_live" file="test_opensearchpy/test_connection_pool.py" line="158" time="0.001" /><testcase classname="test_opensearchpy.test_connection_pool.TestConnectionPool" name="test_dead_nodes_are_removed_from_active_connections" file="test_opensearchpy/test_connection_pool.py" line="84" time="0.001" /><testcase classname="test_opensearchpy.test_connection_pool.TestConnectionPool" name="test_default_round_robin" file="test_opensearchpy/test_connection_pool.py" line="50" time="0.001" /><testcase classname="test_opensearchpy.test_connection_pool.TestConnectionPool" name="test_disable_shuffling" file="test_opensearchpy/test_connection_pool.py" line="58" time="0.001" /><testcase classname="test_opensearchpy.test_connection_pool.TestConnectionPool" name="test_dummy_cp_raises_exception_on_more_connections" file="test_opensearchpy/test_connection_pool.py" line="41" time="0.001" /><testcase classname="test_opensearchpy.test_connection_pool.TestConnectionPool" name="test_force_resurrect_always_returns_a_connection" file="test_opensearchpy/test_connection_pool.py" line="132" time="0.001" /><testcase classname="test_opensearchpy.test_connection_pool.TestConnectionPool" name="test_new_connection_is_not_marked_dead" file="test_opensearchpy/test_connection_pool.py" line="102" time="0.001" /><testcase classname="test_opensearchpy.test_connection_pool.TestConnectionPool" name="test_raises_exception_when_no_connections_defined" file="test_opensearchpy/test_connection_pool.py" line="47" time="0.001" /><testcase classname="test_opensearchpy.test_connection_pool.TestConnectionPool" name="test_selectors_have_access_to_connection_opts" file="test_opensearchpy/test_connection_pool.py" line="66" time="0.001" /><testcase classname="test_opensearchpy.test_connection_pool.TestConnectionPool" name="test_timeout_for_failed_connections_is_limitted" file="test_opensearchpy/test_connection_pool.py" line="149" time="0.001" /><testcase classname="test_opensearchpy.test_exceptions.TestTransformError" name="test_transform_error_parse_with_error_reason" file="test_opensearchpy/test_exceptions.py" line="33" time="0.001" /><testcase classname="test_opensearchpy.test_exceptions.TestTransformError" name="test_transform_error_parse_with_error_string" file="test_opensearchpy/test_exceptions.py" line="44" time="0.001" /><testcase classname="test_opensearchpy.test_serializer.TestJSONSerializer" name="test_datetime_serialization" file="test_opensearchpy/test_serializer.py" line="56" time="0.001" /><testcase classname="test_opensearchpy.test_serializer.TestJSONSerializer" name="test_decimal_serialization" file="test_opensearchpy/test_serializer.py" line="62" time="0.001" /><testcase classname="test_opensearchpy.test_serializer.TestJSONSerializer" name="test_raises_serialization_error_on_dump_error" file="test_opensearchpy/test_serializer.py" line="193" time="0.001" /><testcase classname="test_opensearchpy.test_serializer.TestJSONSerializer" name="test_raises_serialization_error_on_load_error" file="test_opensearchpy/test_serializer.py" line="196" time="0.001" /><testcase classname="test_opensearchpy.test_serializer.TestJSONSerializer" name="test_raises_serialization_error_pandas_nat" file="test_opensearchpy/test_serializer.py" line="171" time="0.001" /><testcase classname="test_opensearchpy.test_serializer.TestJSONSerializer" name="test_serializes_numpy_bool" file="test_opensearchpy/test_serializer.py" line="77" time="0.001" /><testcase classname="test_opensearchpy.test_serializer.TestJSONSerializer" name="test_serializes_numpy_datetime" file="test_opensearchpy/test_serializer.py" line="116" time="0.001" /><testcase classname="test_opensearchpy.test_serializer.TestJSONSerializer" name="test_serializes_numpy_floats" file="test_opensearchpy/test_serializer.py" line="103" time="0.001" /><testcase classname="test_opensearchpy.test_serializer.TestJSONSerializer" name="test_serializes_numpy_integers" file="test_opensearchpy/test_serializer.py" line="82" time="0.001" /><testcase classname="test_opensearchpy.test_serializer.TestJSONSerializer" name="test_serializes_numpy_nan_to_nan" file="test_opensearchpy/test_serializer.py" line="137" time="0.001" /><testcase classname="test_opensearchpy.test_serializer.TestJSONSerializer" name="test_serializes_numpy_ndarray" file="test_opensearchpy/test_serializer.py" line="124" time="0.001" /><testcase classname="test_opensearchpy.test_serializer.TestJSONSerializer" name="test_serializes_pandas_category" file="test_opensearchpy/test_serializer.py" line="178" time="0.002" /><testcase classname="test_opensearchpy.test_serializer.TestJSONSerializer" name="test_serializes_pandas_na" file="test_opensearchpy/test_serializer.py" line="161" time="0.001" /><testcase classname="test_opensearchpy.test_serializer.TestJSONSerializer" name="test_serializes_pandas_series" file="test_opensearchpy/test_serializer.py" line="153" time="0.001" /><testcase classname="test_opensearchpy.test_serializer.TestJSONSerializer" name="test_serializes_pandas_timestamp" file="test_opensearchpy/test_serializer.py" line="145" time="0.001" /><testcase classname="test_opensearchpy.test_serializer.TestJSONSerializer" name="test_strings_are_left_untouched" file="test_opensearchpy/test_serializer.py" line="201" time="0.001" /><testcase classname="test_opensearchpy.test_serializer.TestJSONSerializer" name="test_uuid_serialization" file="test_opensearchpy/test_serializer.py" line="69" time="0.001" /><testcase classname="test_opensearchpy.test_serializer.TestTextSerializer" name="test_raises_serialization_error_on_dump_error" file="test_opensearchpy/test_serializer.py" line="209" time="0.001" /><testcase classname="test_opensearchpy.test_serializer.TestTextSerializer" name="test_strings_are_left_untouched" file="test_opensearchpy/test_serializer.py" line="206" time="0.001" /><testcase classname="test_opensearchpy.test_serializer.TestDeserializer" name="test_deserializes_json_by_default" file="test_opensearchpy/test_serializer.py" line="217" time="0.001" /><testcase classname="test_opensearchpy.test_serializer.TestDeserializer" name="test_deserializes_text_with_correct_ct" file="test_opensearchpy/test_serializer.py" line="220" time="0.001" /><testcase classname="test_opensearchpy.test_serializer.TestDeserializer" name="test_raises_improperly_configured_when_default_mimetype_cannot_be_deserialized" file="test_opensearchpy/test_serializer.py" line="232" time="0.001" /><testcase classname="test_opensearchpy.test_serializer.TestDeserializer" name="test_raises_serialization_error_on_unknown_mimetype" file="test_opensearchpy/test_serializer.py" line="229" time="0.001" /><testcase classname="test_opensearchpy.test_transport.TestHostsInfoCallback" name="test_cluster_manager_only_nodes_are_ignored" file="test_opensearchpy/test_transport.py" line="110" time="0.001" /><testcase classname="test_opensearchpy.test_transport.TestTransport" name="test_add_connection" file="test_opensearchpy/test_transport.py" line="252" time="0.001" /><testcase classname="test_opensearchpy.test_transport.TestTransport" name="test_body_bytes_get_passed_untouched" file="test_opensearchpy/test_transport.py" line="215" time="0.001" /><testcase classname="test_opensearchpy.test_transport.TestTransport" name="test_body_gets_encoded_into_bytes" file="test_opensearchpy/test_transport.py" line="205" time="0.001" /><testcase classname="test_opensearchpy.test_transport.TestTransport" name="test_body_surrogates_replaced_encoded_into_bytes" file="test_opensearchpy/test_transport.py" line="223" time="0.001" /><testcase classname="test_opensearchpy.test_transport.TestTransport" name="test_custom_connection_class" file="test_opensearchpy/test_transport.py" line="243" time="0.001" /><testcase classname="test_opensearchpy.test_transport.TestTransport" name="test_failed_connection_will_be_marked_as_dead" file="test_opensearchpy/test_transport.py" line="270" time="0.001" /><testcase classname="test_opensearchpy.test_transport.TestTransport" name="test_kwargs_passed_on_to_connection_pool" file="test_opensearchpy/test_transport.py" line="238" time="0.001" /><testcase classname="test_opensearchpy.test_transport.TestTransport" name="test_kwargs_passed_on_to_connections" file="test_opensearchpy/test_transport.py" line="233" time="0.001" /><testcase classname="test_opensearchpy.test_transport.TestTransport" name="test_opaque_id" file="test_opensearchpy/test_transport.py" line="155" time="0.001" /><testcase classname="test_opensearchpy.test_transport.TestTransport" name="test_request_timeout_extracted_from_params_and_passed" file="test_opensearchpy/test_transport.py" line="133" time="0.001" /><testcase classname="test_opensearchpy.test_transport.TestTransport" name="test_request_will_fail_after_X_retries" file="test_opensearchpy/test_transport.py" line="261" time="0.001" /><testcase classname="test_opensearchpy.test_transport.TestTransport" name="test_request_with_custom_user_agent_header" file="test_opensearchpy/test_transport.py" line="175" time="0.001" /><testcase classname="test_opensearchpy.test_transport.TestTransport" name="test_resurrected_connection_will_be_marked_as_live_on_success" file="test_opensearchpy/test_transport.py" line="279" time="0.001" /><testcase classname="test_opensearchpy.test_transport.TestTransport" name="test_send_get_body_as_post" file="test_opensearchpy/test_transport.py" line="198" time="0.001" /><testcase classname="test_opensearchpy.test_transport.TestTransport" name="test_send_get_body_as_source" file="test_opensearchpy/test_transport.py" line="189" time="0.001" /><testcase classname="test_opensearchpy.test_transport.TestTransport" name="test_single_connection_uses_dummy_connection_pool" file="test_opensearchpy/test_transport.py" line="127" time="0.001" /><testcase classname="test_opensearchpy.test_transport.TestTransport" name="test_sniff_7x_publish_host" file="test_opensearchpy/test_transport.py" line="393" time="0.001" /><testcase classname="test_opensearchpy.test_transport.TestTransport" name="test_sniff_after_n_seconds" file="test_opensearchpy/test_transport.py" line="375" time="0.001" /><testcase classname="test_opensearchpy.test_transport.TestTransport" name="test_sniff_on_fail_failing_does_not_prevent_retires" file="test_opensearchpy/test_transport.py" line="357" time="0.001" /><testcase classname="test_opensearchpy.test_transport.TestTransport" name="test_sniff_on_fail_triggers_sniffing_on_fail" file="test_opensearchpy/test_transport.py" line="344" time="0.001" /><testcase classname="test_opensearchpy.test_transport.TestTransport" name="test_sniff_on_start_fetches_and_uses_nodes_list" file="test_opensearchpy/test_transport.py" line="299" time="0.001" /><testcase classname="test_opensearchpy.test_transport.TestTransport" name="test_sniff_on_start_ignores_sniff_timeout" file="test_opensearchpy/test_transport.py" line="308" time="0.001" /><testcase classname="test_opensearchpy.test_transport.TestTransport" name="test_sniff_reuses_connection_instances_if_possible" file="test_opensearchpy/test_transport.py" line="332" time="0.001" /><testcase classname="test_opensearchpy.test_transport.TestTransport" name="test_sniff_uses_sniff_timeout" file="test_opensearchpy/test_transport.py" line="320" time="0.001" /><testcase classname="test_opensearchpy.test_transport.TestTransport" name="test_sniff_will_use_seed_connections" file="test_opensearchpy/test_transport.py" line="291" time="0.001" /><testcase classname="test_opensearchpy.test_transport.TestTransport" name="test_timeout_extracted_from_params_and_passed" file="test_opensearchpy/test_transport.py" line="144" time="0.001" /><testcase classname="test_opensearchpy.test_async.test_asyncsigner.TestAsyncSigner" name="test_aws_signer_async_as_http_auth" file="test_opensearchpy/test_async/test_asyncsigner.py" line="20" time="0.002" /><testcase classname="test_opensearchpy.test_async.test_asyncsigner.TestAsyncSigner" name="test_aws_signer_async_when_credentials_is_null" file="test_opensearchpy/test_async/test_asyncsigner.py" line="50" time="0.001" /><testcase classname="test_opensearchpy.test_async.test_asyncsigner.TestAsyncSigner" name="test_aws_signer_async_when_region_is_null" file="test_opensearchpy/test_async/test_asyncsigner.py" line="34" time="0.001" /><testcase classname="test_opensearchpy.test_async.test_asyncsigner.TestAsyncSigner" name="test_aws_signer_async_when_service_is_specified" file="test_opensearchpy/test_async/test_asyncsigner.py" line="65" time="0.001" /><testcase classname="test_opensearchpy.test_async.test_connection.TestAIOHttpConnection" name="test_ssl_context" file="test_opensearchpy/test_async/test_connection.py" line="79" time="0.002" /><testcase classname="test_opensearchpy.test_async.test_connection.TestAIOHttpConnection" name="test_opaque_id" file="test_opensearchpy/test_async/test_connection.py" line="95" time="0.001" /><testcase classname="test_opensearchpy.test_async.test_connection.TestAIOHttpConnection" name="test_no_http_compression" file="test_opensearchpy/test_async/test_connection.py" line="99" time="0.002" /><testcase classname="test_opensearchpy.test_async.test_connection.TestAIOHttpConnection" name="test_http_compression" file="test_opensearchpy/test_async/test_connection.py" line="112" time="0.002" /><testcase classname="test_opensearchpy.test_async.test_connection.TestAIOHttpConnection" name="test_url_prefix" file="test_opensearchpy/test_async/test_connection.py" line="137" time="0.002" /><testcase classname="test_opensearchpy.test_async.test_connection.TestAIOHttpConnection" name="test_default_user_agent" file="test_opensearchpy/test_async/test_connection.py" line="149" time="0.001" /><testcase classname="test_opensearchpy.test_async.test_connection.TestAIOHttpConnection" name="test_timeout_set" file="test_opensearchpy/test_async/test_connection.py" line="156" time="0.001" /><testcase classname="test_opensearchpy.test_async.test_connection.TestAIOHttpConnection" name="test_keep_alive_is_on_by_default" file="test_opensearchpy/test_async/test_connection.py" line="160" time="0.001" /><testcase classname="test_opensearchpy.test_async.test_connection.TestAIOHttpConnection" name="test_http_auth" file="test_opensearchpy/test_async/test_connection.py" line="168" time="0.001" /><testcase classname="test_opensearchpy.test_async.test_connection.TestAIOHttpConnection" name="test_http_auth_tuple" file="test_opensearchpy/test_async/test_connection.py" line="177" time="0.001" /><testcase classname="test_opensearchpy.test_async.test_connection.TestAIOHttpConnection" name="test_http_auth_list" file="test_opensearchpy/test_async/test_connection.py" line="186" time="0.001" /><testcase classname="test_opensearchpy.test_async.test_connection.TestAIOHttpConnection" name="test_uses_https_if_verify_certs_is_off" file="test_opensearchpy/test_async/test_connection.py" line="195" time="0.001" /><testcase classname="test_opensearchpy.test_async.test_connection.TestAIOHttpConnection" name="test_nowarn_when_test_uses_https_if_verify_certs_is_off" file="test_opensearchpy/test_async/test_connection.py" line="208" time="0.002" /><testcase classname="test_opensearchpy.test_async.test_connection.TestAIOHttpConnection" name="test_doesnt_use_https_if_not_specified" file="test_opensearchpy/test_async/test_connection.py" line="218" time="0.001" /><testcase classname="test_opensearchpy.test_async.test_connection.TestAIOHttpConnection" name="test_no_warning_when_using_ssl_context" file="test_opensearchpy/test_async/test_connection.py" line="222" time="0.001" /><testcase classname="test_opensearchpy.test_async.test_connection.TestAIOHttpConnection" name="test_warns_if_using_non_default_ssl_kwargs_with_ssl_context" file="test_opensearchpy/test_async/test_connection.py" line="228" time="0.002" /><testcase classname="test_opensearchpy.test_async.test_connection.TestAIOHttpConnection" name="test_uses_given_ca_certs" file="test_opensearchpy/test_async/test_connection.py" line="250" time="0.006" /><testcase classname="test_opensearchpy.test_async.test_connection.TestAIOHttpConnection" name="test_uses_default_ca_certs" file="test_opensearchpy/test_async/test_connection.py" line="257" time="0.002" /><testcase classname="test_opensearchpy.test_async.test_connection.TestAIOHttpConnection" name="test_uses_no_ca_certs" file="test_opensearchpy/test_async/test_connection.py" line="264" time="0.001" /><testcase classname="test_opensearchpy.test_async.test_connection.TestAIOHttpConnection" name="test_uncompressed_body_logged" file="test_opensearchpy/test_async/test_connection.py" line="269" time="0.002" /><testcase classname="test_opensearchpy.test_async.test_connection.TestAIOHttpConnection" name="test_surrogatepass_into_bytes" file="test_opensearchpy/test_async/test_connection.py" line="280" time="0.001" /><testcase classname="test_opensearchpy.test_async.test_connection.TestAIOHttpConnection" name="test_recursion_error_reraised[RecursionError]" file="test_opensearchpy/test_async/test_connection.py" line="286" time="0.001" /><testcase classname="test_opensearchpy.test_async.test_connection.TestAIOHttpConnection" name="test_recursion_error_reraised[CancelledError]" file="test_opensearchpy/test_async/test_connection.py" line="286" time="0.001" /><testcase classname="test_opensearchpy.test_async.test_connection.TestConnectionHttpbin" name="test_aiohttp_connection" file="test_opensearchpy/test_async/test_connection.py" line="312" time="2.791" /><testcase classname="test_opensearchpy.test_async.test_connection.TestConnectionHttpbin" name="test_aiohttp_connection_error" file="test_opensearchpy/test_async/test_connection.py" line="372" time="0.010" /><testcase classname="test_opensearchpy.test_async.test_connection" name="test_default_connection_is_returned_by_default" file="test_opensearchpy/test_async/test_connection.py" line="378" time="0.002" /><testcase classname="test_opensearchpy.test_async.test_connection" name="test_get_connection_created_connection_if_needed" file="test_opensearchpy/test_async/test_connection.py" line="389" time="0.002" /><testcase classname="test_opensearchpy.test_async.test_connection" name="test_configure_preserves_unchanged_connections" file="test_opensearchpy/test_async/test_connection.py" line="402" time="0.002" /><testcase classname="test_opensearchpy.test_async.test_connection" name="test_remove_connection_removes_both_conn_and_conf" file="test_opensearchpy/test_async/test_connection.py" line="421" time="0.002" /><testcase classname="test_opensearchpy.test_async.test_connection" name="test_create_connection_constructs_client" file="test_opensearchpy/test_async/test_connection.py" line="438" time="0.004" /><testcase classname="test_opensearchpy.test_async.test_connection" name="test_create_connection_adds_our_serializer" file="test_opensearchpy/test_async/test_connection.py" line="446" time="0.002" /><testcase classname="test_opensearchpy.test_async.test_transport.TestTransport" name="test_single_connection_uses_dummy_connection_pool" file="test_opensearchpy/test_async/test_transport.py" line="122" time="0.002" /><testcase classname="test_opensearchpy.test_async.test_transport.TestTransport" name="test_request_timeout_extracted_from_params_and_passed" file="test_opensearchpy/test_async/test_transport.py" line="130" time="0.002" /><testcase classname="test_opensearchpy.test_async.test_transport.TestTransport" name="test_timeout_extracted_from_params_and_passed" file="test_opensearchpy/test_async/test_transport.py" line="142" time="0.002" /><testcase classname="test_opensearchpy.test_async.test_transport.TestTransport" name="test_opaque_id" file="test_opensearchpy/test_async/test_transport.py" line="154" time="0.002" /><testcase classname="test_opensearchpy.test_async.test_transport.TestTransport" name="test_request_with_custom_user_agent_header" file="test_opensearchpy/test_async/test_transport.py" line="176" time="0.001" /><testcase classname="test_opensearchpy.test_async.test_transport.TestTransport" name="test_send_get_body_as_source" file="test_opensearchpy/test_async/test_transport.py" line="189" time="0.001" /><testcase classname="test_opensearchpy.test_async.test_transport.TestTransport" name="test_send_get_body_as_post" file="test_opensearchpy/test_async/test_transport.py" line="198" time="0.001" /><testcase classname="test_opensearchpy.test_async.test_transport.TestTransport" name="test_body_gets_encoded_into_bytes" file="test_opensearchpy/test_async/test_transport.py" line="207" time="0.002" /><testcase classname="test_opensearchpy.test_async.test_transport.TestTransport" name="test_body_bytes_get_passed_untouched" file="test_opensearchpy/test_async/test_transport.py" line="219" time="0.001" /><testcase classname="test_opensearchpy.test_async.test_transport.TestTransport" name="test_body_surrogates_replaced_encoded_into_bytes" file="test_opensearchpy/test_async/test_transport.py" line="227" time="0.001" /><testcase classname="test_opensearchpy.test_async.test_transport.TestTransport" name="test_kwargs_passed_on_to_connections" file="test_opensearchpy/test_async/test_transport.py" line="239" time="0.001" /><testcase classname="test_opensearchpy.test_async.test_transport.TestTransport" name="test_kwargs_passed_on_to_connection_pool" file="test_opensearchpy/test_async/test_transport.py" line="245" time="0.002" /><testcase classname="test_opensearchpy.test_async.test_transport.TestTransport" name="test_custom_connection_class" file="test_opensearchpy/test_async/test_transport.py" line="251" time="0.001" /><testcase classname="test_opensearchpy.test_async.test_transport.TestTransport" name="test_add_connection" file="test_opensearchpy/test_async/test_transport.py" line="261" time="0.001" /><testcase classname="test_opensearchpy.test_async.test_transport.TestTransport" name="test_request_will_fail_after_X_retries" file="test_opensearchpy/test_async/test_transport.py" line="268" time="0.001" /><testcase classname="test_opensearchpy.test_async.test_transport.TestTransport" name="test_failed_connection_will_be_marked_as_dead" file="test_opensearchpy/test_async/test_transport.py" line="283" time="0.002" /><testcase classname="test_opensearchpy.test_async.test_transport.TestTransport" name="test_resurrected_connection_will_be_marked_as_live_on_success" file="test_opensearchpy/test_async/test_transport.py" line="298" time="0.002" /><testcase classname="test_opensearchpy.test_async.test_transport.TestTransport" name="test_sniff_will_use_seed_connections" file="test_opensearchpy/test_async/test_transport.py" line="311" time="0.001" /><testcase classname="test_opensearchpy.test_async.test_transport.TestTransport" name="test_sniff_on_start_fetches_and_uses_nodes_list" file="test_opensearchpy/test_async/test_transport.py" line="320" time="0.002" /><testcase classname="test_opensearchpy.test_async.test_transport.TestTransport" name="test_sniff_on_start_ignores_sniff_timeout" file="test_opensearchpy/test_async/test_transport.py" line="332" time="0.001" /><testcase classname="test_opensearchpy.test_async.test_transport.TestTransport" name="test_sniff_uses_sniff_timeout" file="test_opensearchpy/test_async/test_transport.py" line="346" time="0.001" /><testcase classname="test_opensearchpy.test_async.test_transport.TestTransport" name="test_sniff_reuses_connection_instances_if_possible" file="test_opensearchpy/test_async/test_transport.py" line="359" time="0.001" /><testcase classname="test_opensearchpy.test_async.test_transport.TestTransport" name="test_sniff_on_fail_triggers_sniffing_on_fail" file="test_opensearchpy/test_async/test_transport.py" line="373" time="0.002" /><testcase classname="test_opensearchpy.test_async.test_transport.TestTransport" name="test_sniff_on_fail_failing_does_not_prevent_retires" file="test_opensearchpy/test_async/test_transport.py" line="395" time="0.002" /><testcase classname="test_opensearchpy.test_async.test_transport.TestTransport" name="test_sniff_after_n_seconds" file="test_opensearchpy/test_async/test_transport.py" line="414" time="0.001" /><testcase classname="test_opensearchpy.test_async.test_transport.TestTransport" name="test_sniff_7x_publish_host" file="test_opensearchpy/test_async/test_transport.py" line="435" time="0.001" /><testcase classname="test_opensearchpy.test_async.test_transport.TestTransport" name="test_transport_close_closes_all_pool_connections" file="test_opensearchpy/test_async/test_transport.py" line="451" time="0.001" /><testcase classname="test_opensearchpy.test_async.test_transport.TestTransport" name="test_sniff_on_start_error_if_no_sniffed_hosts" file="test_opensearchpy/test_async/test_transport.py" line="466" time="0.002" /><testcase classname="test_opensearchpy.test_async.test_transport.TestTransport" name="test_sniff_on_start_waits_for_sniff_to_complete" file="test_opensearchpy/test_async/test_transport.py" line="483" time="1.008" /><testcase classname="test_opensearchpy.test_async.test_transport.TestTransport" name="test_sniff_on_start_close_unlocks_async_calls" file="test_opensearchpy/test_async/test_transport.py" line="519" time="0.005" /><testcase classname="test_opensearchpy.test_async.test_helpers.test_search" name="test_expand__to_dot_is_respected" file="test_opensearchpy/test_async/test_helpers/test_search.py" line="38" time="0.003" /><testcase classname="test_opensearchpy.test_async.test_helpers.test_search" name="test_execute_uses_cache" file="test_opensearchpy/test_async/test_helpers/test_search.py" line="44" time="0.002" /><testcase classname="test_opensearchpy.test_async.test_helpers.test_search" name="test_cache_can_be_ignored" file="test_opensearchpy/test_async/test_helpers/test_search.py" line="52" time="0.003" /><testcase classname="test_opensearchpy.test_async.test_helpers.test_search" name="test_cache_isnt_cloned" file="test_opensearchpy/test_async/test_helpers/test_search.py" line="68" time="0.002" /><testcase classname="test_opensearchpy.test_async.test_helpers.test_search" name="test_search_starts_with_no_query" file="test_opensearchpy/test_async/test_helpers/test_search.py" line="75" time="0.002" /><testcase classname="test_opensearchpy.test_async.test_helpers.test_search" name="test_search_query_combines_query" file="test_opensearchpy/test_async/test_helpers/test_search.py" line="81" time="0.002" /><testcase classname="test_opensearchpy.test_async.test_helpers.test_search" name="test_query_can_be_assigned_to" file="test_opensearchpy/test_async/test_helpers/test_search.py" line="93" time="0.002" /><testcase classname="test_opensearchpy.test_async.test_helpers.test_search" name="test_query_can_be_wrapped" file="test_opensearchpy/test_async/test_helpers/test_search.py" line="102" time="0.002" /><testcase classname="test_opensearchpy.test_async.test_helpers.test_search" name="test_using" file="test_opensearchpy/test_async/test_helpers/test_search.py" line="117" time="0.002" /><testcase classname="test_opensearchpy.test_async.test_helpers.test_search" name="test_methods_are_proxied_to_the_query" file="test_opensearchpy/test_async/test_helpers/test_search.py" line="127" time="0.001" /><testcase classname="test_opensearchpy.test_async.test_helpers.test_search" name="test_query_always_returns_search" file="test_opensearchpy/test_async/test_helpers/test_search.py" line="133" time="0.001" /><testcase classname="test_opensearchpy.test_async.test_helpers.test_search" name="test_source_copied_on_clone" file="test_opensearchpy/test_async/test_helpers/test_search.py" line="139" time="0.001" /><testcase classname="test_opensearchpy.test_async.test_helpers.test_search" name="test_copy_clones" file="test_opensearchpy/test_async/test_helpers/test_search.py" line="153" time="0.001" /><testcase classname="test_opensearchpy.test_async.test_helpers.test_search" name="test_aggs_allow_two_metric" file="test_opensearchpy/test_async/test_helpers/test_search.py" line="163" time="0.002" /><testcase classname="test_opensearchpy.test_async.test_helpers.test_search" name="test_aggs_get_copied_on_change" file="test_opensearchpy/test_async/test_helpers/test_search.py" line="173" time="0.002" /><testcase classname="test_opensearchpy.test_async.test_helpers.test_search" name="test_search_index" file="test_opensearchpy/test_async/test_helpers/test_search.py" line="205" time="0.001" /><testcase classname="test_opensearchpy.test_async.test_helpers.test_search" name="test_doc_type_document_class" file="test_opensearchpy/test_async/test_helpers/test_search.py" line="236" time="0.001" /><testcase classname="test_opensearchpy.test_async.test_helpers.test_search" name="test_sort" file="test_opensearchpy/test_async/test_helpers/test_search.py" line="249" time="0.001" /><testcase classname="test_opensearchpy.test_client.test_cluster.TestCluster" name="test_state_with_index_without_metric_defaults_to_all" file="test_opensearchpy/test_client/test_cluster.py" line="42" time="0.001" /><testcase classname="test_opensearchpy.test_client.test_cluster.TestCluster" name="test_stats_with_node_id" file="test_opensearchpy/test_client/test_cluster.py" line="35" time="0.001" /><testcase classname="test_opensearchpy.test_client.test_cluster.TestCluster" name="test_stats_without_node_id" file="test_opensearchpy/test_client/test_cluster.py" line="31" time="0.001" /><testcase classname="test_opensearchpy.test_client.test_indices.TestIndices" name="test_create_one_index" file="test_opensearchpy/test_client/test_indices.py" line="31" time="0.001" /><testcase classname="test_opensearchpy.test_client.test_indices.TestIndices" name="test_delete_multiple_indices" file="test_opensearchpy/test_client/test_indices.py" line="35" time="0.001" /><testcase classname="test_opensearchpy.test_client.test_indices.TestIndices" name="test_exists_index" file="test_opensearchpy/test_client/test_indices.py" line="39" time="0.001" /><testcase classname="test_opensearchpy.test_client.test_indices.TestIndices" name="test_passing_empty_value_for_required_param_raises_exception" file="test_opensearchpy/test_client/test_indices.py" line="43" time="0.001" /><testcase classname="test_opensearchpy.test_client.test_overrides.TestOverriddenUrlTargets" name="test_cluster_state" file="test_opensearchpy/test_client/test_overrides.py" line="84" time="0.001" /><testcase classname="test_opensearchpy.test_client.test_overrides.TestOverriddenUrlTargets" name="test_cluster_stats" file="test_opensearchpy/test_client/test_overrides.py" line="94" time="0.001" /><testcase classname="test_opensearchpy.test_client.test_overrides.TestOverriddenUrlTargets" name="test_create" file="test_opensearchpy/test_client/test_overrides.py" line="34" time="0.001" /><testcase classname="test_opensearchpy.test_client.test_overrides.TestOverriddenUrlTargets" name="test_delete" file="test_opensearchpy/test_client/test_overrides.py" line="38" time="0.001" /><testcase classname="test_opensearchpy.test_client.test_overrides.TestOverriddenUrlTargets" name="test_exists" file="test_opensearchpy/test_client/test_overrides.py" line="42" time="0.001" /><testcase classname="test_opensearchpy.test_client.test_overrides.TestOverriddenUrlTargets" name="test_exists_source" file="test_opensearchpy/test_client/test_overrides.py" line="58" time="0.002" /><testcase classname="test_opensearchpy.test_client.test_overrides.TestOverriddenUrlTargets" name="test_explain" file="test_opensearchpy/test_client/test_overrides.py" line="46" time="0.001" /><testcase classname="test_opensearchpy.test_client.test_overrides.TestOverriddenUrlTargets" name="test_get" file="test_opensearchpy/test_client/test_overrides.py" line="50" time="0.001" /><testcase classname="test_opensearchpy.test_client.test_overrides.TestOverriddenUrlTargets" name="test_get_source" file="test_opensearchpy/test_client/test_overrides.py" line="54" time="0.001" /><testcase classname="test_opensearchpy.test_client.test_overrides.TestOverriddenUrlTargets" name="test_index" file="test_opensearchpy/test_client/test_overrides.py" line="62" time="0.001" /><testcase classname="test_opensearchpy.test_client.test_overrides.TestOverriddenUrlTargets" name="test_indices_put_mapping" file="test_opensearchpy/test_client/test_overrides.py" line="101" time="0.001" /><testcase classname="test_opensearchpy.test_client.test_overrides.TestOverriddenUrlTargets" name="test_mtermvectors" file="test_opensearchpy/test_client/test_overrides.py" line="76" time="0.001" /><testcase classname="test_opensearchpy.test_client.test_overrides.TestOverriddenUrlTargets" name="test_tasks_get" file="test_opensearchpy/test_client/test_overrides.py" line="108" time="0.001" /><testcase classname="test_opensearchpy.test_client.test_overrides.TestOverriddenUrlTargets" name="test_termvectors" file="test_opensearchpy/test_client/test_overrides.py" line="69" time="0.001" /><testcase classname="test_opensearchpy.test_client.test_overrides.TestOverriddenUrlTargets" name="test_update" file="test_opensearchpy/test_client/test_overrides.py" line="80" time="0.001" /><testcase classname="test_opensearchpy.test_client.test_plugins.TestAlerting" name="test_acknowledge_alerts" file="test_opensearchpy/test_client/test_plugins.py" line="72" time="0.001" /><testcase classname="test_opensearchpy.test_client.test_plugins.TestAlerting" name="test_create_destination" file="test_opensearchpy/test_client/test_plugins.py" line="42" time="0.001" /><testcase classname="test_opensearchpy.test_client.test_plugins.TestAlerting" name="test_create_monitor" file="test_opensearchpy/test_client/test_plugins.py" line="13" time="0.001" /><testcase classname="test_opensearchpy.test_client.test_plugins.TestAlerting" name="test_delete_destination" file="test_opensearchpy/test_client/test_plugins.py" line="63" time="0.001" /><testcase classname="test_opensearchpy.test_client.test_plugins.TestAlerting" name="test_delete_monitor" file="test_opensearchpy/test_client/test_plugins.py" line="37" time="0.001" /><testcase classname="test_opensearchpy.test_client.test_plugins.TestAlerting" name="test_get_alerts" file="test_opensearchpy/test_client/test_plugins.py" line="68" time="0.001" /><testcase classname="test_opensearchpy.test_client.test_plugins.TestAlerting" name="test_get_destination" file="test_opensearchpy/test_client/test_plugins.py" line="47" time="0.001" /><testcase classname="test_opensearchpy.test_client.test_plugins.TestAlerting" name="test_get_monitor" file="test_opensearchpy/test_client/test_plugins.py" line="22" time="0.001" /><testcase classname="test_opensearchpy.test_client.test_plugins.TestAlerting" name="test_run_monitor" file="test_opensearchpy/test_client/test_plugins.py" line="18" time="0.001" /><testcase classname="test_opensearchpy.test_client.test_plugins.TestAlerting" name="test_search_monitor" file="test_opensearchpy/test_client/test_plugins.py" line="27" time="0.001" /><testcase classname="test_opensearchpy.test_client.test_plugins.TestAlerting" name="test_update_destination" file="test_opensearchpy/test_client/test_plugins.py" line="58" time="0.001" /><testcase classname="test_opensearchpy.test_client.test_plugins.TestAlerting" name="test_update_monitor" file="test_opensearchpy/test_client/test_plugins.py" line="32" time="0.001" /><testcase classname="test_opensearchpy.test_client.test_point_in_time.TestPointInTime" name="test_create_one_point_in_time" file="test_opensearchpy/test_client/test_point_in_time.py" line="13" time="0.001" /><testcase classname="test_opensearchpy.test_client.test_point_in_time.TestPointInTime" name="test_delete_all_point_in_time" file="test_opensearchpy/test_client/test_point_in_time.py" line="22" time="0.001" /><testcase classname="test_opensearchpy.test_client.test_point_in_time.TestPointInTime" name="test_delete_one_point_in_time" file="test_opensearchpy/test_client/test_point_in_time.py" line="18" time="0.001" /><testcase classname="test_opensearchpy.test_client.test_point_in_time.TestPointInTime" name="test_list_all_point_in_time" file="test_opensearchpy/test_client/test_point_in_time.py" line="26" time="0.001" /><testcase classname="test_opensearchpy.test_client.test_utils.TestQueryParams" name="test_handles_empty_none_and_normalization" file="test_opensearchpy/test_client/test_utils.py" line="71" time="0.001" /><testcase classname="test_opensearchpy.test_client.test_utils.TestQueryParams" name="test_handles_headers" file="test_opensearchpy/test_client/test_utils.py" line="59" time="0.001" /><testcase classname="test_opensearchpy.test_client.test_utils.TestQueryParams" name="test_handles_opaque_id" file="test_opensearchpy/test_client/test_utils.py" line="65" time="0.001" /><testcase classname="test_opensearchpy.test_client.test_utils.TestQueryParams" name="test_handles_params" file="test_opensearchpy/test_client/test_utils.py" line="44" time="0.001" /><testcase classname="test_opensearchpy.test_client.test_utils.TestQueryParams" name="test_per_call_authentication" file="test_opensearchpy/test_client/test_utils.py" line="87" time="0.001" /><testcase classname="test_opensearchpy.test_client.test_utils.TestMakePath" name="test_handles_unicode" file="test_opensearchpy/test_client/test_utils.py" line="132" time="0.001" /><testcase classname="test_opensearchpy.test_client.test_utils.TestMakePath" name="test_handles_utf_encoded_string" file="test_opensearchpy/test_client/test_utils.py" line="138" time="0.001"><skipped type="pytest.skip" message="Only relevant for py2">/Users/saimedhi/code/opensearch-py/test_opensearchpy/test_client/test_utils.py:139: Only relevant for py2</skipped></testcase><testcase classname="test_opensearchpy.test_client.test_utils.TestEscape" name="test_handles_ascii" file="test_opensearchpy/test_client/test_utils.py" line="148" time="0.001" /><testcase classname="test_opensearchpy.test_client.test_utils.TestEscape" name="test_handles_bytestring" file="test_opensearchpy/test_client/test_utils.py" line="156" time="0.001" /><testcase classname="test_opensearchpy.test_client.test_utils.TestEscape" name="test_handles_unicode" file="test_opensearchpy/test_client/test_utils.py" line="152" time="0.001" /><testcase classname="test_opensearchpy.test_client.test_utils.TestBulkBody" name="test_bulk_body_as_bytestring_adds_trailing_newline" file="test_opensearchpy/test_client/test_utils.py" line="177" time="0.001" /><testcase classname="test_opensearchpy.test_client.test_utils.TestBulkBody" name="test_bulk_body_as_string_adds_trailing_newline" file="test_opensearchpy/test_client/test_utils.py" line="170" time="0.001" /><testcase classname="test_opensearchpy.test_client.test_utils.TestBulkBody" name="test_proper_bulk_body_as_bytestring_is_not_modified" file="test_opensearchpy/test_client/test_utils.py" line="166" time="0.001" /><testcase classname="test_opensearchpy.test_client.test_utils.TestBulkBody" name="test_proper_bulk_body_as_string_is_not_modified" file="test_opensearchpy/test_client/test_utils.py" line="162" time="0.001" /><testcase classname="test_opensearchpy.test_helpers.test_actions.TestParallelBulk" name="test_all_chunks_sent" file="test_opensearchpy/test_helpers/test_actions.py" line="58" time="1.378" /><testcase classname="test_opensearchpy.test_helpers.test_actions.TestParallelBulk" name="test_chunk_sent_from_different_threads" file="test_opensearchpy/test_helpers/test_actions.py" line="68" time="0.001"><skipped type="pytest.skip" message="unconditional skip">/Users/saimedhi/code/opensearch-py/test_opensearchpy/test_helpers/test_actions.py:69: unconditional skip</skipped></testcase><testcase classname="test_opensearchpy.test_helpers.test_actions.TestChunkActions" name="test__source_metadata_or_source" file="test_opensearchpy/test_helpers/test_actions.py" line="156" time="0.002" /><testcase classname="test_opensearchpy.test_helpers.test_actions.TestChunkActions" name="test_chunks_are_chopped_by_byte_size" file="test_opensearchpy/test_helpers/test_actions.py" line="184" time="0.003" /><testcase classname="test_opensearchpy.test_helpers.test_actions.TestChunkActions" name="test_chunks_are_chopped_by_byte_size_properly" file="test_opensearchpy/test_helpers/test_actions.py" line="202" time="0.003" /><testcase classname="test_opensearchpy.test_helpers.test_actions.TestChunkActions" name="test_chunks_are_chopped_by_chunk_size" file="test_opensearchpy/test_helpers/test_actions.py" line="192" time="0.003" /><testcase classname="test_opensearchpy.test_helpers.test_actions.TestChunkActions" name="test_expand_action" file="test_opensearchpy/test_helpers/test_actions.py" line="88" time="0.001" /><testcase classname="test_opensearchpy.test_helpers.test_actions.TestChunkActions" name="test_expand_action_actions" file="test_opensearchpy/test_helpers/test_actions.py" line="94" time="0.001" /><testcase classname="test_opensearchpy.test_helpers.test_actions.TestChunkActions" name="test_expand_action_options" file="test_opensearchpy/test_helpers/test_actions.py" line="125" time="0.001" /><testcase classname="test_opensearchpy.test_helpers.test_actions.TestExpandActions" name="test_string_actions_are_marked_as_simple_inserts" file="test_opensearchpy/test_helpers/test_actions.py" line="217" time="0.001" /><testcase classname="test_opensearchpy.test_helpers.test_aggs" name="test_repr" file="test_opensearchpy/test_helpers/test_aggs.py" line="31" time="0.001" /><testcase classname="test_opensearchpy.test_helpers.test_aggs" name="test_meta" file="test_opensearchpy/test_helpers/test_aggs.py" line="38" time="0.001" /><testcase classname="test_opensearchpy.test_helpers.test_aggs" name="test_meta_from_dict" file="test_opensearchpy/test_helpers/test_aggs.py" line="51" time="0.001" /><testcase classname="test_opensearchpy.test_helpers.test_aggs" name="test_A_creates_proper_agg" file="test_opensearchpy/test_helpers/test_aggs.py" line="60" time="0.001" /><testcase classname="test_opensearchpy.test_helpers.test_aggs" name="test_A_handles_nested_aggs_properly" file="test_opensearchpy/test_helpers/test_aggs.py" line="67" time="0.001" /><testcase classname="test_opensearchpy.test_helpers.test_aggs" name="test_A_passes_aggs_through" file="test_opensearchpy/test_helpers/test_aggs.py" line="75" time="0.001" /><testcase classname="test_opensearchpy.test_helpers.test_aggs" name="test_A_from_dict" file="test_opensearchpy/test_helpers/test_aggs.py" line="80" time="0.001" /><testcase classname="test_opensearchpy.test_helpers.test_aggs" name="test_A_fails_with_incorrect_dict" file="test_opensearchpy/test_helpers/test_aggs.py" line="96" time="0.001" /><testcase classname="test_opensearchpy.test_helpers.test_aggs" name="test_A_fails_with_agg_and_params" file="test_opensearchpy/test_helpers/test_aggs.py" line="116" time="0.001" /><testcase classname="test_opensearchpy.test_helpers.test_aggs" name="test_buckets_are_nestable" file="test_opensearchpy/test_helpers/test_aggs.py" line="123" time="0.001" /><testcase classname="test_opensearchpy.test_helpers.test_aggs" name="test_metric_inside_buckets" file="test_opensearchpy/test_helpers/test_aggs.py" line="132" time="0.001" /><testcase classname="test_opensearchpy.test_helpers.test_aggs" name="test_buckets_equals_counts_subaggs" file="test_opensearchpy/test_helpers/test_aggs.py" line="141" time="0.001" /><testcase classname="test_opensearchpy.test_helpers.test_aggs" name="test_buckets_to_dict" file="test_opensearchpy/test_helpers/test_aggs.py" line="149" time="0.001" /><testcase classname="test_opensearchpy.test_helpers.test_aggs" name="test_nested_buckets_are_reachable_as_getitem" file="test_opensearchpy/test_helpers/test_aggs.py" line="167" time="0.001" /><testcase classname="test_opensearchpy.test_helpers.test_aggs" name="test_nested_buckets_are_settable_as_getitem" file="test_opensearchpy/test_helpers/test_aggs.py" line="175" time="0.001" /><testcase classname="test_opensearchpy.test_helpers.test_aggs" name="test_filter_can_be_instantiated_using_positional_args" file="test_opensearchpy/test_helpers/test_aggs.py" line="182" time="0.001" /><testcase classname="test_opensearchpy.test_helpers.test_aggs" name="test_filter_aggregation_as_nested_agg" file="test_opensearchpy/test_helpers/test_aggs.py" line="190" time="0.001" /><testcase classname="test_opensearchpy.test_helpers.test_aggs" name="test_filter_aggregation_with_nested_aggs" file="test_opensearchpy/test_helpers/test_aggs.py" line="200" time="0.001" /><testcase classname="test_opensearchpy.test_helpers.test_aggs" name="test_filters_correctly_identifies_the_hash" file="test_opensearchpy/test_helpers/test_aggs.py" line="210" time="0.001" /><testcase classname="test_opensearchpy.test_helpers.test_aggs" name="test_bucket_sort_agg" file="test_opensearchpy/test_helpers/test_aggs.py" line="230" time="0.001" /><testcase classname="test_opensearchpy.test_helpers.test_aggs" name="test_bucket_sort_agg_only_trnunc" file="test_opensearchpy/test_helpers/test_aggs.py" line="255" time="0.001" /><testcase classname="test_opensearchpy.test_helpers.test_aggs" name="test_geohash_grid_aggregation" file="test_opensearchpy/test_helpers/test_aggs.py" line="267" time="0.001" /><testcase classname="test_opensearchpy.test_helpers.test_aggs" name="test_geotile_grid_aggregation" file="test_opensearchpy/test_helpers/test_aggs.py" line="273" time="0.001" /><testcase classname="test_opensearchpy.test_helpers.test_aggs" name="test_boxplot_aggregation" file="test_opensearchpy/test_helpers/test_aggs.py" line="279" time="0.001" /><testcase classname="test_opensearchpy.test_helpers.test_aggs" name="test_rare_terms_aggregation" file="test_opensearchpy/test_helpers/test_aggs.py" line="285" time="0.001" /><testcase classname="test_opensearchpy.test_helpers.test_aggs" name="test_variable_width_histogram_aggregation" file="test_opensearchpy/test_helpers/test_aggs.py" line="306" time="0.001" /><testcase classname="test_opensearchpy.test_helpers.test_aggs" name="test_median_absolute_deviation_aggregation" file="test_opensearchpy/test_helpers/test_aggs.py" line="311" time="0.001" /><testcase classname="test_opensearchpy.test_helpers.test_aggs" name="test_t_test_aggregation" file="test_opensearchpy/test_helpers/test_aggs.py" line="317" time="0.001" /><testcase classname="test_opensearchpy.test_helpers.test_aggs" name="test_inference_aggregation" file="test_opensearchpy/test_helpers/test_aggs.py" line="333" time="0.001" /><testcase classname="test_opensearchpy.test_helpers.test_aggs" name="test_moving_percentiles_aggregation" file="test_opensearchpy/test_helpers/test_aggs.py" line="340" time="0.001" /><testcase classname="test_opensearchpy.test_helpers.test_aggs" name="test_normalize_aggregation" file="test_opensearchpy/test_helpers/test_aggs.py" line="360" time="0.000" /><testcase classname="test_opensearchpy.test_helpers.test_document" name="test_range_serializes_properly" file="test_opensearchpy/test_helpers/test_document.py" line="130" time="0.001" /><testcase classname="test_opensearchpy.test_helpers.test_document" name="test_range_deserializes_properly" file="test_opensearchpy/test_helpers/test_document.py" line="143" time="0.001" /><testcase classname="test_opensearchpy.test_helpers.test_document" name="test_resolve_nested" file="test_opensearchpy/test_helpers/test_document.py" line="153" time="0.001" /><testcase classname="test_opensearchpy.test_helpers.test_document" name="test_conflicting_mapping_raises_error_in_index_to_dict" file="test_opensearchpy/test_helpers/test_document.py" line="159" time="0.001" /><testcase classname="test_opensearchpy.test_helpers.test_document" name="test_ip_address_serializes_properly" file="test_opensearchpy/test_helpers/test_document.py" line="174" time="0.001" /><testcase classname="test_opensearchpy.test_helpers.test_document" name="test_matches_uses_index" file="test_opensearchpy/test_helpers/test_document.py" line="180" time="0.001" /><testcase classname="test_opensearchpy.test_helpers.test_document" name="test_matches_with_no_name_always_matches" file="test_opensearchpy/test_helpers/test_document.py" line="185" time="0.001" /><testcase classname="test_opensearchpy.test_helpers.test_document" name="test_matches_accepts_wildcards" file="test_opensearchpy/test_helpers/test_document.py" line="193" time="0.001" /><testcase classname="test_opensearchpy.test_helpers.test_document" name="test_assigning_attrlist_to_field" file="test_opensearchpy/test_helpers/test_document.py" line="202" time="0.001" /><testcase classname="test_opensearchpy.test_helpers.test_document" name="test_optional_inner_objects_are_not_validated_if_missing" file="test_opensearchpy/test_helpers/test_document.py" line="210" time="0.001" /><testcase classname="test_opensearchpy.test_helpers.test_document" name="test_custom_field" file="test_opensearchpy/test_helpers/test_document.py" line="216" time="0.001" /><testcase classname="test_opensearchpy.test_helpers.test_document" name="test_custom_field_mapping" file="test_opensearchpy/test_helpers/test_document.py" line="227" time="0.001" /><testcase classname="test_opensearchpy.test_helpers.test_document" name="test_custom_field_in_nested" file="test_opensearchpy/test_helpers/test_document.py" line="233" time="0.001" /><testcase classname="test_opensearchpy.test_helpers.test_document" name="test_multi_works_after_doc_has_been_saved" file="test_opensearchpy/test_helpers/test_document.py" line="241" time="0.001" /><testcase classname="test_opensearchpy.test_helpers.test_document" name="test_multi_works_in_nested_after_doc_has_been_serialized" file="test_opensearchpy/test_helpers/test_document.py" line="249" time="0.001" /><testcase classname="test_opensearchpy.test_helpers.test_document" name="test_null_value_for_object" file="test_opensearchpy/test_helpers/test_document.py" line="258" time="0.001" /><testcase classname="test_opensearchpy.test_helpers.test_document" name="test_inherited_doc_types_can_override_index" file="test_opensearchpy/test_helpers/test_document.py" line="264" time="0.001" /><testcase classname="test_opensearchpy.test_helpers.test_document" name="test_to_dict_with_meta" file="test_opensearchpy/test_helpers/test_document.py" line="296" time="0.001" /><testcase classname="test_opensearchpy.test_helpers.test_document" name="test_to_dict_with_meta_includes_custom_index" file="test_opensearchpy/test_helpers/test_document.py" line="307" time="0.000" /><testcase classname="test_opensearchpy.test_helpers.test_document" name="test_to_dict_without_skip_empty_will_include_empty_fields" file="test_opensearchpy/test_helpers/test_document.py" line="314" time="0.001" /><testcase classname="test_opensearchpy.test_helpers.test_document" name="test_attribute_can_be_removed" file="test_opensearchpy/test_helpers/test_document.py" line="321" time="0.000" /><testcase classname="test_opensearchpy.test_helpers.test_document" name="test_doc_type_can_be_correctly_pickled" file="test_opensearchpy/test_helpers/test_document.py" line="328" time="0.001" /><testcase classname="test_opensearchpy.test_helpers.test_document" name="test_meta_is_accessible_even_on_empty_doc" file="test_opensearchpy/test_helpers/test_document.py" line="343" time="0.000" /><testcase classname="test_opensearchpy.test_helpers.test_document" name="test_meta_field_mapping" file="test_opensearchpy/test_helpers/test_document.py" line="351" time="0.001" /><testcase classname="test_opensearchpy.test_helpers.test_document" name="test_multi_value_fields" file="test_opensearchpy/test_helpers/test_document.py" line="370" time="0.001" /><testcase classname="test_opensearchpy.test_helpers.test_document" name="test_docs_with_properties" file="test_opensearchpy/test_helpers/test_document.py" line="381" time="0.001" /><testcase classname="test_opensearchpy.test_helpers.test_document" name="test_nested_can_be_assigned_to" file="test_opensearchpy/test_helpers/test_document.py" line="409" time="0.001" /><testcase classname="test_opensearchpy.test_helpers.test_document" name="test_nested_can_be_none" file="test_opensearchpy/test_helpers/test_document.py" line="420" time="0.001" /><testcase classname="test_opensearchpy.test_helpers.test_document" name="test_nested_defaults_to_list_and_can_be_updated" file="test_opensearchpy/test_helpers/test_document.py" line="426" time="0.001" /><testcase classname="test_opensearchpy.test_helpers.test_document" name="test_to_dict_is_recursive_and_can_cope_with_multi_values" file="test_opensearchpy/test_helpers/test_document.py" line="435" time="0.001" /><testcase classname="test_opensearchpy.test_helpers.test_document" name="test_to_dict_ignores_empty_collections" file="test_opensearchpy/test_helpers/test_document.py" line="447" time="0.001" /><testcase classname="test_opensearchpy.test_helpers.test_document" name="test_declarative_mapping_definition" file="test_opensearchpy/test_helpers/test_document.py" line="453" time="0.001" /><testcase classname="test_opensearchpy.test_helpers.test_document" name="test_you_can_supply_own_mapping_instance" file="test_opensearchpy/test_helpers/test_document.py" line="466" time="0.001" /><testcase classname="test_opensearchpy.test_helpers.test_document" name="test_document_can_be_created_dynamically" file="test_opensearchpy/test_helpers/test_document.py" line="480" time="0.001" /><testcase classname="test_opensearchpy.test_helpers.test_document" name="test_invalid_date_will_raise_exception" file="test_opensearchpy/test_helpers/test_document.py" line="501" time="0.001" /><testcase classname="test_opensearchpy.test_helpers.test_document" name="test_document_inheritance" file="test_opensearchpy/test_helpers/test_document.py" line="508" time="0.001" /><testcase classname="test_opensearchpy.test_helpers.test_document" name="test_child_class_can_override_parent" file="test_opensearchpy/test_helpers/test_document.py" line="522" time="0.001" /><testcase classname="test_opensearchpy.test_helpers.test_document" name="test_meta_fields_are_stored_in_meta_and_ignored_by_to_dict" file="test_opensearchpy/test_helpers/test_document.py" line="540" time="0.001" /><testcase classname="test_opensearchpy.test_helpers.test_document" name="test_index_inheritance" file="test_opensearchpy/test_helpers/test_document.py" line="550" time="0.001" /><testcase classname="test_opensearchpy.test_helpers.test_document" name="test_meta_fields_can_be_set_directly_in_init" file="test_opensearchpy/test_helpers/test_document.py" line="567" time="0.001" /><testcase classname="test_opensearchpy.test_helpers.test_document" name="test_save_no_index" file="test_opensearchpy/test_helpers/test_document.py" line="574" time="0.001" /><testcase classname="test_opensearchpy.test_helpers.test_document" name="test_delete_no_index" file="test_opensearchpy/test_helpers/test_document.py" line="580" time="0.001" /><testcase classname="test_opensearchpy.test_helpers.test_document" name="test_update_no_fields" file="test_opensearchpy/test_helpers/test_document.py" line="586" time="0.001" /><testcase classname="test_opensearchpy.test_helpers.test_document" name="test_search_with_custom_alias_and_index" file="test_opensearchpy/test_helpers/test_document.py" line="592" time="0.001" /><testcase classname="test_opensearchpy.test_helpers.test_document" name="test_from_opensearch_respects_underscored_non_meta_fields" file="test_opensearchpy/test_helpers/test_document.py" line="601" time="0.001" /><testcase classname="test_opensearchpy.test_helpers.test_document" name="test_nested_and_object_inner_doc" file="test_opensearchpy/test_helpers/test_document.py" line="625" time="0.001" /><testcase classname="test_opensearchpy.test_helpers.test_faceted_search" name="test_query_is_created_properly" file="test_opensearchpy/test_helpers/test_faceted_search.py" line="50" time="0.001" /><testcase classname="test_opensearchpy.test_helpers.test_faceted_search" name="test_query_is_created_properly_with_sort_tuple" file="test_opensearchpy/test_helpers/test_faceted_search.py" line="73" time="0.001" /><testcase classname="test_opensearchpy.test_helpers.test_faceted_search" name="test_filter_is_applied_to_search_but_not_relevant_facet" file="test_opensearchpy/test_helpers/test_faceted_search.py" line="97" time="0.001" /><testcase classname="test_opensearchpy.test_helpers.test_faceted_search" name="test_filters_are_applied_to_search_ant_relevant_facets" file="test_opensearchpy/test_helpers/test_faceted_search.py" line="120" time="0.001" /><testcase classname="test_opensearchpy.test_helpers.test_faceted_search" name="test_date_histogram_facet_with_1970_01_01_date" file="test_opensearchpy/test_helpers/test_faceted_search.py" line="154" time="0.001" /><testcase classname="test_opensearchpy.test_helpers.test_faceted_search" name="test_date_histogram_interval_types[interval-year]" file="test_opensearchpy/test_helpers/test_faceted_search.py" line="160" time="0.001" /><testcase classname="test_opensearchpy.test_helpers.test_faceted_search" name="test_date_histogram_interval_types[calendar_interval-year]" file="test_opensearchpy/test_helpers/test_faceted_search.py" line="160" time="0.001" /><testcase classname="test_opensearchpy.test_helpers.test_faceted_search" name="test_date_histogram_interval_types[interval-month]" file="test_opensearchpy/test_helpers/test_faceted_search.py" line="160" time="0.001" /><testcase classname="test_opensearchpy.test_helpers.test_faceted_search" name="test_date_histogram_interval_types[calendar_interval-month]" file="test_opensearchpy/test_helpers/test_faceted_search.py" line="160" time="0.001" /><testcase classname="test_opensearchpy.test_helpers.test_faceted_search" name="test_date_histogram_interval_types[interval-week]" file="test_opensearchpy/test_helpers/test_faceted_search.py" line="160" time="0.001" /><testcase classname="test_opensearchpy.test_helpers.test_faceted_search" name="test_date_histogram_interval_types[calendar_interval-week]" file="test_opensearchpy/test_helpers/test_faceted_search.py" line="160" time="0.001" /><testcase classname="test_opensearchpy.test_helpers.test_faceted_search" name="test_date_histogram_interval_types[interval-day]" file="test_opensearchpy/test_helpers/test_faceted_search.py" line="160" time="0.001" /><testcase classname="test_opensearchpy.test_helpers.test_faceted_search" name="test_date_histogram_interval_types[calendar_interval-day]" file="test_opensearchpy/test_helpers/test_faceted_search.py" line="160" time="0.001" /><testcase classname="test_opensearchpy.test_helpers.test_faceted_search" name="test_date_histogram_interval_types[fixed_interval-day]" file="test_opensearchpy/test_helpers/test_faceted_search.py" line="160" time="0.001" /><testcase classname="test_opensearchpy.test_helpers.test_faceted_search" name="test_date_histogram_interval_types[interval-hour]" file="test_opensearchpy/test_helpers/test_faceted_search.py" line="160" time="0.001" /><testcase classname="test_opensearchpy.test_helpers.test_faceted_search" name="test_date_histogram_interval_types[fixed_interval-hour]" file="test_opensearchpy/test_helpers/test_faceted_search.py" line="160" time="0.001" /><testcase classname="test_opensearchpy.test_helpers.test_faceted_search" name="test_date_histogram_interval_types[interval-1Y]" file="test_opensearchpy/test_helpers/test_faceted_search.py" line="160" time="0.001" /><testcase classname="test_opensearchpy.test_helpers.test_faceted_search" name="test_date_histogram_interval_types[calendar_interval-1Y]" file="test_opensearchpy/test_helpers/test_faceted_search.py" line="160" time="0.001" /><testcase classname="test_opensearchpy.test_helpers.test_faceted_search" name="test_date_histogram_interval_types[interval-1M]" file="test_opensearchpy/test_helpers/test_faceted_search.py" line="160" time="0.001" /><testcase classname="test_opensearchpy.test_helpers.test_faceted_search" name="test_date_histogram_interval_types[calendar_interval-1M]" file="test_opensearchpy/test_helpers/test_faceted_search.py" line="160" time="0.001" /><testcase classname="test_opensearchpy.test_helpers.test_faceted_search" name="test_date_histogram_interval_types[interval-1w]" file="test_opensearchpy/test_helpers/test_faceted_search.py" line="160" time="0.001" /><testcase classname="test_opensearchpy.test_helpers.test_faceted_search" name="test_date_histogram_interval_types[calendar_interval-1w]" file="test_opensearchpy/test_helpers/test_faceted_search.py" line="160" time="0.001" /><testcase classname="test_opensearchpy.test_helpers.test_faceted_search" name="test_date_histogram_interval_types[interval-1d]" file="test_opensearchpy/test_helpers/test_faceted_search.py" line="160" time="0.001" /><testcase classname="test_opensearchpy.test_helpers.test_faceted_search" name="test_date_histogram_interval_types[calendar_interval-1d]" file="test_opensearchpy/test_helpers/test_faceted_search.py" line="160" time="0.001" /><testcase classname="test_opensearchpy.test_helpers.test_faceted_search" name="test_date_histogram_interval_types[fixed_interval-1d]" file="test_opensearchpy/test_helpers/test_faceted_search.py" line="160" time="0.001" /><testcase classname="test_opensearchpy.test_helpers.test_faceted_search" name="test_date_histogram_interval_types[interval-1h]" file="test_opensearchpy/test_helpers/test_faceted_search.py" line="160" time="0.001" /><testcase classname="test_opensearchpy.test_helpers.test_faceted_search" name="test_date_histogram_interval_types[fixed_interval-1h]" file="test_opensearchpy/test_helpers/test_faceted_search.py" line="160" time="0.001" /><testcase classname="test_opensearchpy.test_helpers.test_faceted_search" name="test_date_histogram_no_interval_keyerror" file="test_opensearchpy/test_helpers/test_faceted_search.py" line="199" time="0.001" /><testcase classname="test_opensearchpy.test_helpers.test_field" name="test_date_range_deserialization" file="test_opensearchpy/test_helpers/test_field.py" line="38" time="0.001" /><testcase classname="test_opensearchpy.test_helpers.test_field" name="test_boolean_deserialization" file="test_opensearchpy/test_helpers/test_field.py" line="47" time="0.001" /><testcase classname="test_opensearchpy.test_helpers.test_field" name="test_date_field_can_have_default_tz" file="test_opensearchpy/test_helpers/test_field.py" line="60" time="0.001" /><testcase classname="test_opensearchpy.test_helpers.test_field" name="test_custom_field_car_wrap_other_field" file="test_opensearchpy/test_helpers/test_field.py" line="75" time="0.001" /><testcase classname="test_opensearchpy.test_helpers.test_field" name="test_field_from_dict" file="test_opensearchpy/test_helpers/test_field.py" line="86" time="0.001" /><testcase classname="test_opensearchpy.test_helpers.test_field" name="test_multi_fields_are_accepted_and_parsed" file="test_opensearchpy/test_helpers/test_field.py" line="93" time="0.001" /><testcase classname="test_opensearchpy.test_helpers.test_field" name="test_nested_provides_direct_access_to_its_fields" file="test_opensearchpy/test_helpers/test_field.py" line="109" time="0.001" /><testcase classname="test_opensearchpy.test_helpers.test_field" name="test_field_supports_multiple_analyzers" file="test_opensearchpy/test_helpers/test_field.py" line="116" time="0.001" /><testcase classname="test_opensearchpy.test_helpers.test_field" name="test_multifield_supports_multiple_analyzers" file="test_opensearchpy/test_helpers/test_field.py" line="125" time="0.001" /><testcase classname="test_opensearchpy.test_helpers.test_field" name="test_scaled_float" file="test_opensearchpy/test_helpers/test_field.py" line="145" time="0.001" /><testcase classname="test_opensearchpy.test_helpers.test_field" name="test_ipaddress" file="test_opensearchpy/test_helpers/test_field.py" line="152" time="0.001" /><testcase classname="test_opensearchpy.test_helpers.test_field" name="test_float" file="test_opensearchpy/test_helpers/test_field.py" line="163" time="0.001" /><testcase classname="test_opensearchpy.test_helpers.test_field" name="test_integer" file="test_opensearchpy/test_helpers/test_field.py" line="171" time="0.001" /><testcase classname="test_opensearchpy.test_helpers.test_field" name="test_binary" file="test_opensearchpy/test_helpers/test_field.py" line="179" time="0.001" /><testcase classname="test_opensearchpy.test_helpers.test_field" name="test_constant_keyword" file="test_opensearchpy/test_helpers/test_field.py" line="186" time="0.001" /><testcase classname="test_opensearchpy.test_helpers.test_field" name="test_rank_features" file="test_opensearchpy/test_helpers/test_field.py" line="191" time="0.001" /><testcase classname="test_opensearchpy.test_helpers.test_field" name="test_object_dynamic_values" file="test_opensearchpy/test_helpers/test_field.py" line="196" time="0.001" /><testcase cla
[...]
_query" name="test_script_score" file="test_opensearchpy/test_helpers/test_query.py" line="551" time="0.001" /><testcase classname="test_opensearchpy.test_helpers.test_result" name="test_agg_response_is_pickleable" file="test_opensearchpy/test_helpers/test_result.py" line="42" time="0.002" /><testcase classname="test_opensearchpy.test_helpers.test_result" name="test_response_is_pickleable" file="test_opensearchpy/test_helpers/test_result.py" line="51" time="0.001" /><testcase classname="test_opensearchpy.test_helpers.test_result" name="test_hit_is_pickleable" file="test_opensearchpy/test_helpers/test_result.py" line="61" time="0.001" /><testcase classname="test_opensearchpy.test_helpers.test_result" name="test_response_stores_search" file="test_opensearchpy/test_helpers/test_result.py" line="69" time="0.001" /><testcase classname="test_opensearchpy.test_helpers.test_result" name="test_interactive_helpers" file="test_opensearchpy/test_helpers/test_result.py" line="76" time="0.001" /><testcase classname="test_opensearchpy.test_helpers.test_result" name="test_empty_response_is_false" file="test_opensearchpy/test_helpers/test_result.py" line="99" time="0.001" /><testcase classname="test_opensearchpy.test_helpers.test_result" name="test_len_response" file="test_opensearchpy/test_helpers/test_result.py" line="106" time="0.001" /><testcase classname="test_opensearchpy.test_helpers.test_result" name="test_iterating_over_response_gives_you_hits" file="test_opensearchpy/test_helpers/test_result.py" line="111" time="0.001" /><testcase classname="test_opensearchpy.test_helpers.test_result" name="test_hits_get_wrapped_to_contain_additional_attrs" file="test_opensearchpy/test_helpers/test_result.py" line="128" time="0.001" /><testcase classname="test_opensearchpy.test_helpers.test_result" name="test_hits_provide_dot_and_bracket_access_to_attrs" file="test_opensearchpy/test_helpers/test_result.py" line="136" time="0.001" /><testcase classname="test_opensearchpy.test_helpers.test_result" name="test_slicing_on_response_slices_on_hits" file="test_opensearchpy/test_helpers/test_result.py" line="152" time="0.001" /><testcase classname="test_opensearchpy.test_helpers.test_result" name="test_aggregation_base" file="test_opensearchpy/test_helpers/test_result.py" line="159" time="0.001" /><testcase classname="test_opensearchpy.test_helpers.test_result" name="test_metric_agg_works" file="test_opensearchpy/test_helpers/test_result.py" line="164" time="0.001" /><testcase classname="test_opensearchpy.test_helpers.test_result" name="test_aggregations_can_be_iterated_over" file="test_opensearchpy/test_helpers/test_result.py" line="168" time="0.001" /><testcase classname="test_opensearchpy.test_helpers.test_result" name="test_aggregations_can_be_retrieved_by_name" file="test_opensearchpy/test_helpers/test_result.py" line="175" time="0.001" /><testcase classname="test_opensearchpy.test_helpers.test_result" name="test_bucket_response_can_be_iterated_over" file="test_opensearchpy/test_helpers/test_result.py" line="183" time="0.001" /><testcase classname="test_opensearchpy.test_helpers.test_result" name="test_bucket_keys_get_deserialized" file="test_opensearchpy/test_helpers/test_result.py" line="191" time="0.001" /><testcase classname="test_opensearchpy.test_helpers.test_search" name="test_expand__to_dot_is_respected" file="test_opensearchpy/test_helpers/test_search.py" line="35" time="0.001" /><testcase classname="test_opensearchpy.test_helpers.test_search" name="test_execute_uses_cache" file="test_opensearchpy/test_helpers/test_search.py" line="41" time="0.001" /><testcase classname="test_opensearchpy.test_helpers.test_search" name="test_cache_can_be_ignored" file="test_opensearchpy/test_helpers/test_search.py" line="49" time="0.001" /><testcase classname="test_opensearchpy.test_helpers.test_search" name="test_iter_iterates_over_hits" file="test_opensearchpy/test_helpers/test_search.py" line="58" time="0.001" /><testcase classname="test_opensearchpy.test_helpers.test_search" name="test_cache_isnt_cloned" file="test_opensearchpy/test_helpers/test_search.py" line="65" time="0.001" /><testcase classname="test_opensearchpy.test_helpers.test_search" name="test_search_starts_with_no_query" file="test_opensearchpy/test_helpers/test_search.py" line="72" time="0.001" /><testcase classname="test_opensearchpy.test_helpers.test_search" name="test_search_query_combines_query" file="test_opensearchpy/test_helpers/test_search.py" line="78" time="0.001" /><testcase classname="test_opensearchpy.test_helpers.test_search" name="test_query_can_be_assigned_to" file="test_opensearchpy/test_helpers/test_search.py" line="90" time="0.001" /><testcase classname="test_opensearchpy.test_helpers.test_search" name="test_query_can_be_wrapped" file="test_opensearchpy/test_helpers/test_search.py" line="99" time="0.001" /><testcase classname="test_opensearchpy.test_helpers.test_search" name="test_using" file="test_opensearchpy/test_helpers/test_search.py" line="114" time="0.001" /><testcase classname="test_opensearchpy.test_helpers.test_search" name="test_methods_are_proxied_to_the_query" file="test_opensearchpy/test_helpers/test_search.py" line="124" time="0.001" /><testcase classname="test_opensearchpy.test_helpers.test_search" name="test_query_always_returns_search" file="test_opensearchpy/test_helpers/test_search.py" line="130" time="0.001" /><testcase classname="test_opensearchpy.test_helpers.test_search" name="test_source_copied_on_clone" file="test_opensearchpy/test_helpers/test_search.py" line="136" time="0.001" /><testcase classname="test_opensearchpy.test_helpers.test_search" name="test_copy_clones" file="test_opensearchpy/test_helpers/test_search.py" line="150" time="0.001" /><testcase classname="test_opensearchpy.test_helpers.test_search" name="test_aggs_allow_two_metric" file="test_opensearchpy/test_helpers/test_search.py" line="160" time="0.001" /><testcase classname="test_opensearchpy.test_helpers.test_search" name="test_aggs_get_copied_on_change" file="test_opensearchpy/test_helpers/test_search.py" line="170" time="0.001" /><testcase classname="test_opensearchpy.test_helpers.test_search" name="test_search_index" file="test_opensearchpy/test_helpers/test_search.py" line="202" time="0.001" /><testcase classname="test_opensearchpy.test_helpers.test_search" name="test_doc_type_document_class" file="test_opensearchpy/test_helpers/test_search.py" line="233" time="0.001" /><testcase classname="test_opensearchpy.test_helpers.test_search" name="test_sort" file="test_opensearchpy/test_helpers/test_search.py" line="246" time="0.001" /><testcase classname="test_opensearchpy.test_helpers.test_search" name="test_sort_by_score" file="test_opensearchpy/test_helpers/test_search.py" line="258" time="0.001" /><testcase classname="test_opensearchpy.test_helpers.test_search" name="test_slice" file="test_opensearchpy/test_helpers/test_search.py" line="268" time="0.001" /><testcase classname="test_opensearchpy.test_helpers.test_search" name="test_index" file="test_opensearchpy/test_helpers/test_search.py" line="277" time="0.001" /><testcase classname="test_opensearchpy.test_helpers.test_search" name="test_search_to_dict" file="test_opensearchpy/test_helpers/test_search.py" line="282" time="0.001" /><testcase classname="test_opensearchpy.test_helpers.test_search" name="test_complex_example" file="test_opensearchpy/test_helpers/test_search.py" line="311" time="0.002" /><testcase classname="test_opensearchpy.test_helpers.test_search" name="test_reverse" file="test_opensearchpy/test_helpers/test_search.py" line="362" time="0.001" /><testcase classname="test_opensearchpy.test_helpers.test_search" name="test_from_dict_doesnt_need_query" file="test_opensearchpy/test_helpers/test_search.py" line="412" time="0.001" /><testcase classname="test_opensearchpy.test_helpers.test_search" name="test_params_being_passed_to_search" file="test_opensearchpy/test_helpers/test_search.py" line="418" time="0.001" /><testcase classname="test_opensearchpy.test_helpers.test_search" name="test_source" file="test_opensearchpy/test_helpers/test_search.py" line="426" time="0.001" /><testcase classname="test_opensearchpy.test_helpers.test_search" name="test_source_on_clone" file="test_opensearchpy/test_helpers/test_search.py" line="440" time="0.001" /><testcase classname="test_opensearchpy.test_helpers.test_search" name="test_source_on_clear" file="test_opensearchpy/test_helpers/test_search.py" line="455" time="0.001" /><testcase classname="test_opensearchpy.test_helpers.test_search" name="test_suggest_accepts_global_text" file="test_opensearchpy/test_helpers/test_search.py" line="465" time="0.001" /><testcase classname="test_opensearchpy.test_helpers.test_search" name="test_suggest" file="test_opensearchpy/test_helpers/test_search.py" line="487" time="0.001" /><testcase classname="test_opensearchpy.test_helpers.test_search" name="test_exclude" file="test_opensearchpy/test_helpers/test_search.py" line="496" time="0.001" /><testcase classname="test_opensearchpy.test_helpers.test_search" name="test_delete_by_query" file="test_opensearchpy/test_helpers/test_search.py" line="509" time="0.001" /><testcase classname="test_opensearchpy.test_helpers.test_search" name="test_update_from_dict" file="test_opensearchpy/test_helpers/test_search.py" line="518" time="0.001" /><testcase classname="test_opensearchpy.test_helpers.test_search" name="test_rescore_query_to_dict" file="test_opensearchpy/test_helpers/test_search.py" line="529" time="0.001" /><testcase classname="test_opensearchpy.test_helpers.test_update_by_query" name="test_ubq_starts_with_no_query" file="test_opensearchpy/test_helpers/test_update_by_query.py" line="32" time="0.001" /><testcase classname="test_opensearchpy.test_helpers.test_update_by_query" name="test_ubq_to_dict" file="test_opensearchpy/test_helpers/test_update_by_query.py" line="38" time="0.001" /><testcase classname="test_opensearchpy.test_helpers.test_update_by_query" name="test_complex_example" file="test_opensearchpy/test_helpers/test_update_by_query.py" line="54" time="0.001" /><testcase classname="test_opensearchpy.test_helpers.test_update_by_query" name="test_exclude" file="test_opensearchpy/test_helpers/test_update_by_query.py" line="92" time="0.001" /><testcase classname="test_opensearchpy.test_helpers.test_update_by_query" name="test_reverse" file="test_opensearchpy/test_helpers/test_update_by_query.py" line="105" time="0.001" /><testcase classname="test_opensearchpy.test_helpers.test_update_by_query" name="test_from_dict_doesnt_need_query" file="test_opensearchpy/test_helpers/test_update_by_query.py" line="141" time="0.001" /><testcase classname="test_opensearchpy.test_helpers.test_update_by_query" name="test_params_being_passed_to_search" file="test_opensearchpy/test_helpers/test_update_by_query.py" line="147" time="0.001" /><testcase classname="test_opensearchpy.test_helpers.test_update_by_query" name="test_overwrite_script" file="test_opensearchpy/test_helpers/test_update_by_query.py" line="157" time="0.001" /><testcase classname="test_opensearchpy.test_helpers.test_update_by_query" name="test_update_by_query_response_success" file="test_opensearchpy/test_helpers/test_update_by_query.py" line="173" time="0.000" /><testcase classname="test_opensearchpy.test_helpers.test_utils" name="test_attrdict_pickle" file="test_opensearchpy/test_helpers/test_utils.py" line="34" time="0.001" /><testcase classname="test_opensearchpy.test_helpers.test_utils" name="test_attrlist_pickle" file="test_opensearchpy/test_helpers/test_utils.py" line="41" time="0.001" /><testcase classname="test_opensearchpy.test_helpers.test_utils" name="test_attrlist_slice" file="test_opensearchpy/test_helpers/test_utils.py" line="48" time="0.001" /><testcase classname="test_opensearchpy.test_helpers.test_utils" name="test_merge" file="test_opensearchpy/test_helpers/test_utils.py" line="56" time="0.001" /><testcase classname="test_opensearchpy.test_helpers.test_utils" name="test_merge_conflict" file="test_opensearchpy/test_helpers/test_utils.py" line="65" time="0.001" /><testcase classname="test_opensearchpy.test_helpers.test_utils" name="test_attrdict_bool" file="test_opensearchpy/test_helpers/test_utils.py" line="75" time="0.001" /><testcase classname="test_opensearchpy.test_helpers.test_utils" name="test_attrlist_items_get_wrapped_during_iteration" file="test_opensearchpy/test_helpers/test_utils.py" line="83" time="0.001" /><testcase classname="test_opensearchpy.test_helpers.test_utils" name="test_serializer_deals_with_Attr_versions" file="test_opensearchpy/test_helpers/test_utils.py" line="92" time="0.001" /><testcase classname="test_opensearchpy.test_helpers.test_utils" name="test_serializer_deals_with_objects_with_to_dict" file="test_opensearchpy/test_helpers/test_utils.py" line="100" time="0.001" /><testcase classname="test_opensearchpy.test_helpers.test_utils" name="test_recursive_to_dict" file="test_opensearchpy/test_helpers/test_utils.py" line="108" time="0.001" /><testcase classname="test_opensearchpy.test_helpers.test_utils" name="test_attrdict_get" file="test_opensearchpy/test_helpers/test_utils.py" line="114" time="0.001" /><testcase classname="test_opensearchpy.test_helpers.test_validation" name="test_required_int_can_be_0" file="test_opensearchpy/test_helpers/test_validation.py" line="75" time="0.001" /><testcase classname="test_opensearchpy.test_helpers.test_validation" name="test_required_field_cannot_be_empty_list" file="test_opensearchpy/test_helpers/test_validation.py" line="83" time="0.001" /><testcase classname="test_opensearchpy.test_helpers.test_validation" name="test_validation_works_for_lists_of_values" file="test_opensearchpy/test_helpers/test_validation.py" line="92" time="0.001" /><testcase classname="test_opensearchpy.test_helpers.test_validation" name="test_field_with_custom_clean" file="test_opensearchpy/test_helpers/test_validation.py" line="104" time="0.001" /><testcase classname="test_opensearchpy.test_helpers.test_validation" name="test_empty_object" file="test_opensearchpy/test_helpers/test_validation.py" line="111" time="0.001" /><testcase classname="test_opensearchpy.test_helpers.test_validation" name="test_missing_required_field_raises_validation_exception" file="test_opensearchpy/test_helpers/test_validation.py" line="118" time="0.001" /><testcase classname="test_opensearchpy.test_helpers.test_validation" name="test_boolean_doesnt_treat_false_as_empty" file="test_opensearchpy/test_helpers/test_validation.py" line="133" time="0.001" /><testcase classname="test_opensearchpy.test_helpers.test_validation" name="test_custom_validation_on_nested_gets_run" file="test_opensearchpy/test_helpers/test_validation.py" line="143" time="0.001" /><testcase classname="test_opensearchpy.test_helpers.test_validation" name="test_accessing_known_fields_returns_empty_value" file="test_opensearchpy/test_helpers/test_validation.py" line="152" time="0.001" /><testcase classname="test_opensearchpy.test_helpers.test_validation" name="test_empty_values_are_not_serialized" file="test_opensearchpy/test_helpers/test_validation.py" line="162" time="0.001" /><testcase classname="test_opensearchpy.test_helpers.test_wrappers" name="test_range_contains[kwargs0-1]" file="test_opensearchpy/test_helpers/test_wrappers.py" line="33" time="0.001" /><testcase classname="test_opensearchpy.test_helpers.test_wrappers" name="test_range_contains[kwargs1--1]" file="test_opensearchpy/test_helpers/test_wrappers.py" line="33" time="0.001" /><testcase classname="test_opensearchpy.test_helpers.test_wrappers" name="test_range_contains[kwargs2--1]" file="test_opensearchpy/test_helpers/test_wrappers.py" line="33" time="0.001" /><testcase classname="test_opensearchpy.test_helpers.test_wrappers" name="test_range_contains[kwargs3-4]" file="test_opensearchpy/test_helpers/test_wrappers.py" line="33" time="0.001" /><testcase classname="test_opensearchpy.test_helpers.test_wrappers" name="test_range_contains[kwargs4-4]" file="test_opensearchpy/test_helpers/test_wrappers.py" line="33" time="0.001" /><testcase classname="test_opensearchpy.test_helpers.test_wrappers" name="test_range_contains[kwargs5-2]" file="test_opensearchpy/test_helpers/test_wrappers.py" line="33" time="0.001" /><testcase classname="test_opensearchpy.test_helpers.test_wrappers" name="test_range_contains[kwargs6-item6]" file="test_opensearchpy/test_helpers/test_wrappers.py" line="33" time="0.001" /><testcase classname="test_opensearchpy.test_helpers.test_wrappers" name="test_range_not_contains[kwargs0--1]" file="test_opensearchpy/test_helpers/test_wrappers.py" line="49" time="0.001" /><testcase classname="test_opensearchpy.test_helpers.test_wrappers" name="test_range_not_contains[kwargs1-4]" file="test_opensearchpy/test_helpers/test_wrappers.py" line="49" time="0.001" /><testcase classname="test_opensearchpy.test_helpers.test_wrappers" name="test_range_not_contains[kwargs2-42]" file="test_opensearchpy/test_helpers/test_wrappers.py" line="49" time="0.001" /><testcase classname="test_opensearchpy.test_helpers.test_wrappers" name="test_range_not_contains[kwargs3-1]" file="test_opensearchpy/test_helpers/test_wrappers.py" line="49" time="0.001" /><testcase classname="test_opensearchpy.test_helpers.test_wrappers" name="test_range_not_contains[kwargs4-item4]" file="test_opensearchpy/test_helpers/test_wrappers.py" line="49" time="0.001" /><testcase classname="test_opensearchpy.test_helpers.test_wrappers" name="test_range_raises_value_error_on_wrong_params[args0-kwargs0]" file="test_opensearchpy/test_helpers/test_wrappers.py" line="63" time="0.001" /><testcase classname="test_opensearchpy.test_helpers.test_wrappers" name="test_range_raises_value_error_on_wrong_params[args1-kwargs1]" file="test_opensearchpy/test_helpers/test_wrappers.py" line="63" time="0.001" /><testcase classname="test_opensearchpy.test_helpers.test_wrappers" name="test_range_raises_value_error_on_wrong_params[args2-kwargs2]" file="test_opensearchpy/test_helpers/test_wrappers.py" line="63" time="0.001" /><testcase classname="test_opensearchpy.test_helpers.test_wrappers" name="test_range_raises_value_error_on_wrong_params[args3-kwargs3]" file="test_opensearchpy/test_helpers/test_wrappers.py" line="63" time="0.001" /><testcase classname="test_opensearchpy.test_helpers.test_wrappers" name="test_range_raises_value_error_on_wrong_params[args4-kwargs4]" file="test_opensearchpy/test_helpers/test_wrappers.py" line="63" time="0.001" /><testcase classname="test_opensearchpy.test_helpers.test_wrappers" name="test_range_lower[range0-1-False]" file="test_opensearchpy/test_helpers/test_wrappers.py" line="78" time="0.001" /><testcase classname="test_opensearchpy.test_helpers.test_wrappers" name="test_range_lower[range1-1-True]" file="test_opensearchpy/test_helpers/test_wrappers.py" line="78" time="0.001" /><testcase classname="test_opensearchpy.test_helpers.test_wrappers" name="test_range_lower[range2-None-False]" file="test_opensearchpy/test_helpers/test_wrappers.py" line="78" time="0.001" /><testcase classname="test_opensearchpy.test_helpers.test_wrappers" name="test_range_lower[range3-None-False]" file="test_opensearchpy/test_helpers/test_wrappers.py" line="78" time="0.001" /><testcase classname="test_opensearchpy.test_helpers.test_wrappers" name="test_range_upper[range0-1-False]" file="test_opensearchpy/test_helpers/test_wrappers.py" line="91" time="0.001" /><testcase classname="test_opensearchpy.test_helpers.test_wrappers" name="test_range_upper[range1-1-True]" file="test_opensearchpy/test_helpers/test_wrappers.py" line="91" time="0.001" /><testcase classname="test_opensearchpy.test_helpers.test_wrappers" name="test_range_upper[range2-None-False]" file="test_opensearchpy/test_helpers/test_wrappers.py" line="91" time="0.001" /><testcase classname="test_opensearchpy.test_helpers.test_wrappers" name="test_range_upper[range3-None-False]" file="test_opensearchpy/test_helpers/test_wrappers.py" line="91" time="0.001" /></testsuite></testsuites>