<?xml version="1.0" encoding="utf-8"?><testsuites><testsuite errors="0" failures="0" hostname="c889f3bcb5cd" name="pytest" skipped="2" tests="594" time="26.592" timestamp="2023-02-22T00:29:58.419182"><testcase classname="test_opensearchpy.test_cases.TestOpenSearchTestCase" file="test_opensearchpy/test_cases.py" line="72" name="test_each_call_is_recorded" time="0.001" /><testcase classname="test_opensearchpy.test_cases.TestOpenSearchTestCase" file="test_opensearchpy/test_cases.py" line="66" name="test_our_transport_used" time="0.001" /><testcase classname="test_opensearchpy.test_cases.TestOpenSearchTestCase" file="test_opensearchpy/test_cases.py" line="69" name="test_start_with_0_call" time="0.001" /><testcase classname="test_opensearchpy.test_connection.TestBaseConnection" file="test_opensearchpy/test_connection.py" line="179" name="test_ca_certs_certifi" time="0.001" /><testcase classname="test_opensearchpy.test_connection.TestBaseConnection" file="test_opensearchpy/test_connection.py" line="173" name="test_ca_certs_ssl_cert_dir" time="0.001" /><testcase classname="test_opensearchpy.test_connection.TestBaseConnection" file="test_opensearchpy/test_connection.py" line="167" name="test_ca_certs_ssl_cert_file" time="0.001" /><testcase classname="test_opensearchpy.test_connection.TestBaseConnection" file="test_opensearchpy/test_connection.py" line="147" name="test_compatibility_accept_header" time="0.001" /><testcase classname="test_opensearchpy.test_connection.TestBaseConnection" file="test_opensearchpy/test_connection.py" line="81" name="test_empty_warnings" time="0.001" /><testcase classname="test_opensearchpy.test_connection.TestBaseConnection" file="test_opensearchpy/test_connection.py" line="136" name="test_ipv6_host_and_port" time="0.001" /><testcase classname="test_opensearchpy.test_connection.TestBaseConnection" file="test_opensearchpy/test_connection.py" line="184" name="test_no_ca_certs" time="0.001" /><testcase classname="test_opensearchpy.test_connection.TestBaseConnection" file="test_opensearchpy/test_connection.py" line="123" name="test_raises_errors" time="0.001" /><testcase classname="test_opensearchpy.test_connection.TestBaseConnection" file="test_opensearchpy/test_connection.py" line="89" name="test_raises_warnings" time="0.001" /><testcase classname="test_opensearchpy.test_connection.TestBaseConnection" file="test_opensearchpy/test_connection.py" line="111" name="test_raises_warnings_when_folded" time="0.001" /><testcase classname="test_opensearchpy.test_connection.TestUrllib3Connection" file="test_opensearchpy/test_connection.py" line="321" name="test_aws_signer_as_http_auth" time="0.046" /><testcase classname="test_opensearchpy.test_connection.TestUrllib3Connection" file="test_opensearchpy/test_connection.py" line="357" name="test_aws_signer_when_credentials_is_null" time="0.001" /><testcase classname="test_opensearchpy.test_connection.TestUrllib3Connection" file="test_opensearchpy/test_connection.py" line="341" name="test_aws_signer_when_region_is_null" time="0.001" /><testcase classname="test_opensearchpy.test_connection.TestUrllib3Connection" file="test_opensearchpy/test_connection.py" line="373" name="test_aws_signer_when_service_is_specified" time="0.001" /><testcase classname="test_opensearchpy.test_connection.TestUrllib3Connection" file="test_opensearchpy/test_connection.py" line="263" name="test_default_user_agent" time="0.001" /><testcase classname="test_opensearchpy.test_connection.TestUrllib3Connection" file="test_opensearchpy/test_connection.py" line="423" name="test_doesnt_use_https_if_not_specified" time="0.001" /><testcase classname="test_opensearchpy.test_connection.TestUrllib3Connection" file="test_opensearchpy/test_connection.py" line="285" name="test_http_auth" time="0.001" /><testcase classname="test_opensearchpy.test_connection.TestUrllib3Connection" file="test_opensearchpy/test_connection.py" line="309" name="test_http_auth_list" time="0.001" /><testcase classname="test_opensearchpy.test_connection.TestUrllib3Connection" file="test_opensearchpy/test_connection.py" line="297" name="test_http_auth_tuple" time="0.001" /><testcase classname="test_opensearchpy.test_connection.TestUrllib3Connection" file="test_opensearchpy/test_connection.py" line="238" name="test_http_compression" time="0.002" /><testcase classname="test_opensearchpy.test_connection.TestUrllib3Connection" file="test_opensearchpy/test_connection.py" line="274" name="test_keep_alive_is_on_by_default" time="0.001" /><testcase classname="test_opensearchpy.test_connection.TestUrllib3Connection" file="test_opensearchpy/test_connection.py" line="225" name="test_no_http_compression" time="0.001" /><testcase classname="test_opensearchpy.test_connection.TestUrllib3Connection" file="test_opensearchpy/test_connection.py" line="427" name="test_no_warning_when_using_ssl_context" time="0.002" /><testcase classname="test_opensearchpy.test_connection.TestUrllib3Connection" file="test_opensearchpy/test_connection.py" line="414" name="test_nowarn_when_uses_https_if_verify_certs_is_off" time="0.001" /><testcase classname="test_opensearchpy.test_connection.TestUrllib3Connection" file="test_opensearchpy/test_connection.py" line="221" name="test_opaque_id" time="0.001" /><testcase classname="test_opensearchpy.test_connection.TestUrllib3Connection" file="test_opensearchpy/test_connection.py" line="485" name="test_recursion_error_reraised" time="0.001" /><testcase classname="test_opensearchpy.test_connection.TestUrllib3Connection" file="test_opensearchpy/test_connection.py" line="205" name="test_ssl_context" time="0.001" /><testcase classname="test_opensearchpy.test_connection.TestUrllib3Connection" file="test_opensearchpy/test_connection.py" line="479" name="test_surrogatepass_into_bytes" time="0.001" /><testcase classname="test_opensearchpy.test_connection.TestUrllib3Connection" file="test_opensearchpy/test_connection.py" line="270" name="test_timeout_set" time="0.001" /><testcase classname="test_opensearchpy.test_connection.TestUrllib3Connection" file="test_opensearchpy/test_connection.py" line="468" name="test_uncompressed_body_logged" time="0.002" /><testcase classname="test_opensearchpy.test_connection.TestUrllib3Connection" file="test_opensearchpy/test_connection.py" line="460" name="test_uses_default_ca_certs" time="0.001" /><testcase classname="test_opensearchpy.test_connection.TestUrllib3Connection" file="test_opensearchpy/test_connection.py" line="455" name="test_uses_given_ca_certs" time="0.001" /><testcase classname="test_opensearchpy.test_connection.TestUrllib3Connection" file="test_opensearchpy/test_connection.py" line="403" name="test_uses_https_if_verify_certs_is_off" time="0.001" /><testcase classname="test_opensearchpy.test_connection.TestUrllib3Connection" file="test_opensearchpy/test_connection.py" line="464" name="test_uses_no_ca_certs" time="0.001" /><testcase classname="test_opensearchpy.test_connection.TestUrllib3Connection" file="test_opensearchpy/test_connection.py" line="433" name="test_warns_if_using_non_default_ssl_kwargs_with_ssl_context" time="0.002" /><testcase classname="test_opensearchpy.test_connection.TestRequestsConnection" file="test_opensearchpy/test_connection.py" line="805" name="test_body_attached" time="0.015" /><testcase classname="test_opensearchpy.test_connection.TestRequestsConnection" file="test_opensearchpy/test_connection.py" line="678" name="test_conflict_error_is_returned_on_409" time="0.002" /><testcase classname="test_opensearchpy.test_connection.TestRequestsConnection" file="test_opensearchpy/test_connection.py" line="646" name="test_custom_headers" time="0.002" /><testcase classname="test_opensearchpy.test_connection.TestRequestsConnection" file="test_opensearchpy/test_connection.py" line="534" name="test_custom_http_auth_is_allowed" time="0.001" /><testcase classname="test_opensearchpy.test_connection.TestRequestsConnection" file="test_opensearchpy/test_connection.py" line="640" name="test_default_headers" time="0.002" /><testcase classname="test_opensearchpy.test_connection.TestRequestsConnection" file="test_opensearchpy/test_connection.py" line="787" name="test_defaults" time="0.002" /><testcase classname="test_opensearchpy.test_connection.TestRequestsConnection" file="test_opensearchpy/test_connection.py" line="696" name="test_failed_request_logs_and_traces" time="0.005" /><testcase classname="test_opensearchpy.test_connection.TestRequestsConnection" file="test_opensearchpy/test_connection.py" line="690" name="test_head_with_404_doesnt_get_logged" time="0.002" /><testcase classname="test_opensearchpy.test_connection.TestRequestsConnection" file="test_opensearchpy/test_connection.py" line="660" name="test_http_auth" time="0.001" /><testcase classname="test_opensearchpy.test_connection.TestRequestsConnection" file="test_opensearchpy/test_connection.py" line="813" name="test_http_auth_attached" time="0.003" /><testcase classname="test_opensearchpy.test_connection.TestRequestsConnection" file="test_opensearchpy/test_connection.py" line="668" name="test_http_auth_list" time="0.001" /><testcase classname="test_opensearchpy.test_connection.TestRequestsConnection" file="test_opensearchpy/test_connection.py" line="664" name="test_http_auth_tuple" time="0.001" /><testcase classname="test_opensearchpy.test_connection.TestRequestsConnection" file="test_opensearchpy/test_connection.py" line="560" name="test_http_compression" time="0.003" /><testcase classname="test_opensearchpy.test_connection.TestRequestsConnection" file="test_opensearchpy/test_connection.py" line="631" name="test_merge_headers" time="0.002" /><testcase classname="test_opensearchpy.test_connection.TestRequestsConnection" file="test_opensearchpy/test_connection.py" line="548" name="test_no_http_compression" time="0.002" /><testcase classname="test_opensearchpy.test_connection.TestRequestsConnection" file="test_opensearchpy/test_connection.py" line="682" name="test_not_found_error_is_returned_on_404" time="0.002" /><testcase classname="test_opensearchpy.test_connection.TestRequestsConnection" file="test_opensearchpy/test_connection.py" line="613" name="test_nowarn_when_uses_https_if_verify_certs_is_off" time="0.002" /><testcase classname="test_opensearchpy.test_connection.TestRequestsConnection" file="test_opensearchpy/test_connection.py" line="544" name="test_opaque_id" time="0.001" /><testcase classname="test_opensearchpy.test_connection.TestRequestsConnection" file="test_opensearchpy/test_connection.py" line="795" name="test_params_properly_encoded" time="0.002" /><testcase classname="test_opensearchpy.test_connection.TestRequestsConnection" file="test_opensearchpy/test_connection.py" line="843" name="test_recursion_error_reraised" time="0.002" /><testcase classname="test_opensearchpy.test_connection.TestRequestsConnection" file="test_opensearchpy/test_connection.py" line="672" name="test_repr" time="0.001" /><testcase classname="test_opensearchpy.test_connection.TestRequestsConnection" file="test_opensearchpy/test_connection.py" line="686" name="test_request_error_is_returned_on_400" time="0.002" /><testcase classname="test_opensearchpy.test_connection.TestRequestsConnection" file="test_opensearchpy/test_connection.py" line="724" name="test_success_logs_and_traces" time="0.005" /><testcase classname="test_opensearchpy.test_connection.TestRequestsConnection" file="test_opensearchpy/test_connection.py" line="837" name="test_surrogatepass_into_bytes" time="0.002" /><testcase classname="test_opensearchpy.test_connection.TestRequestsConnection" file="test_opensearchpy/test_connection.py" line="540" name="test_timeout_set" time="0.001" /><testcase classname="test_opensearchpy.test_connection.TestRequestsConnection" file="test_opensearchpy/test_connection.py" line="764" name="test_uncompressed_body_logged" time="0.004" /><testcase classname="test_opensearchpy.test_connection.TestRequestsConnection" file="test_opensearchpy/test_connection.py" line="819" name="test_url_prefix" time="0.004" /><testcase classname="test_opensearchpy.test_connection.TestRequestsConnection" file="test_opensearchpy/test_connection.py" line="605" name="test_uses_default_ca_certs" time="0.001" /><testcase classname="test_opensearchpy.test_connection.TestRequestsConnection" file="test_opensearchpy/test_connection.py" line="600" name="test_uses_given_ca_certs" time="0.001" /><testcase classname="test_opensearchpy.test_connection.TestRequestsConnection" file="test_opensearchpy/test_connection.py" line="583" name="test_uses_https_if_verify_certs_is_off" time="0.002" /><testcase classname="test_opensearchpy.test_connection.TestRequestsConnection" file="test_opensearchpy/test_connection.py" line="609" name="test_uses_no_ca_certs" time="0.001" /><testcase classname="test_opensearchpy.test_connection.TestConnectionHttpbin" file="test_opensearchpy/test_connection.py" line="870" name="test_urllib3_connection" time="3.848" /><testcase classname="test_opensearchpy.test_connection.TestConnectionHttpbin" file="test_opensearchpy/test_connection.py" line="934" name="test_urllib3_connection_error" time="0.011" /><testcase classname="test_opensearchpy.test_connection.TestConnectionHttpbin" file="test_opensearchpy/test_connection.py" line="939" name="test_requests_connection" time="2.131" /><testcase classname="test_opensearchpy.test_connection.TestConnectionHttpbin" file="test_opensearchpy/test_connection.py" line="1002" name="test_requests_connection_error" time="0.013" /><testcase classname="test_opensearchpy.test_connection" file="test_opensearchpy/test_connection.py" line="1008" name="test_default_connection_is_returned_by_default" time="0.001" /><testcase classname="test_opensearchpy.test_connection" file="test_opensearchpy/test_connection.py" line="1019" name="test_get_connection_created_connection_if_needed" time="0.001" /><testcase classname="test_opensearchpy.test_connection" file="test_opensearchpy/test_connection.py" line="1033" name="test_configure_preserves_unchanged_connections" time="0.001" /><testcase classname="test_opensearchpy.test_connection" file="test_opensearchpy/test_connection.py" line="1050" name="test_remove_connection_removes_both_conn_and_conf" time="0.001" /><testcase classname="test_opensearchpy.test_connection" file="test_opensearchpy/test_connection.py" line="1065" name="test_create_connection_constructs_client" time="0.001" /><testcase classname="test_opensearchpy.test_connection" file="test_opensearchpy/test_connection.py" line="1073" name="test_create_connection_adds_our_serializer" time="0.001" /><testcase classname="test_opensearchpy.test_connection_pool.TestConnectionPool" file="test_opensearchpy/test_connection_pool.py" line="140" name="test_already_failed_connection_has_longer_timeout" time="0.002" /><testcase classname="test_opensearchpy.test_connection_pool.TestConnectionPool" file="test_opensearchpy/test_connection_pool.py" line="113" name="test_connection_is_forcibly_resurrected_when_no_live_ones_are_availible" time="0.001" /><testcase classname="test_opensearchpy.test_connection_pool.TestConnectionPool" file="test_opensearchpy/test_connection_pool.py" line="123" name="test_connection_is_resurrected_after_its_timeout" time="0.001" /><testcase classname="test_opensearchpy.test_connection_pool.TestConnectionPool" file="test_opensearchpy/test_connection_pool.py" line="93" name="test_connection_is_skipped_when_dead" time="0.001" /><testcase classname="test_opensearchpy.test_connection_pool.TestConnectionPool" file="test_opensearchpy/test_connection_pool.py" line="158" name="test_dead_count_is_wiped_clean_for_connection_if_marked_live" time="0.001" /><testcase classname="test_opensearchpy.test_connection_pool.TestConnectionPool" file="test_opensearchpy/test_connection_pool.py" line="84" name="test_dead_nodes_are_removed_from_active_connections" time="0.001" /><testcase classname="test_opensearchpy.test_connection_pool.TestConnectionPool" file="test_opensearchpy/test_connection_pool.py" line="50" name="test_default_round_robin" time="0.001" /><testcase classname="test_opensearchpy.test_connection_pool.TestConnectionPool" file="test_opensearchpy/test_connection_pool.py" line="58" name="test_disable_shuffling" time="0.001" /><testcase classname="test_opensearchpy.test_connection_pool.TestConnectionPool" file="test_opensearchpy/test_connection_pool.py" line="41" name="test_dummy_cp_raises_exception_on_more_connections" time="0.001" /><testcase classname="test_opensearchpy.test_connection_pool.TestConnectionPool" file="test_opensearchpy/test_connection_pool.py" line="132" name="test_force_resurrect_always_returns_a_connection" time="0.001" /><testcase classname="test_opensearchpy.test_connection_pool.TestConnectionPool" file="test_opensearchpy/test_connection_pool.py" line="102" name="test_new_connection_is_not_marked_dead" time="0.001" /><testcase classname="test_opensearchpy.test_connection_pool.TestConnectionPool" file="test_opensearchpy/test_connection_pool.py" line="47" name="test_raises_exception_when_no_connections_defined" time="0.001" /><testcase classname="test_opensearchpy.test_connection_pool.TestConnectionPool" file="test_opensearchpy/test_connection_pool.py" line="66" name="test_selectors_have_access_to_connection_opts" time="0.001" /><testcase classname="test_opensearchpy.test_connection_pool.TestConnectionPool" file="test_opensearchpy/test_connection_pool.py" line="149" name="test_timeout_for_failed_connections_is_limitted" time="0.001" /><testcase classname="test_opensearchpy.test_exceptions.TestTransformError" file="test_opensearchpy/test_exceptions.py" line="33" name="test_transform_error_parse_with_error_reason" time="0.001" /><testcase classname="test_opensearchpy.test_exceptions.TestTransformError" file="test_opensearchpy/test_exceptions.py" line="44" name="test_transform_error_parse_with_error_string" time="0.001" /><testcase classname="test_opensearchpy.test_serializer.TestJSONSerializer" file="test_opensearchpy/test_serializer.py" line="56" name="test_datetime_serialization" time="0.001" /><testcase classname="test_opensearchpy.test_serializer.TestJSONSerializer" file="test_opensearchpy/test_serializer.py" line="62" name="test_decimal_serialization" time="0.001" /><testcase classname="test_opensearchpy.test_serializer.TestJSONSerializer" file="test_opensearchpy/test_serializer.py" line="193" name="test_raises_serialization_error_on_dump_error" time="0.001" /><testcase classname="test_opensearchpy.test_serializer.TestJSONSerializer" file="test_opensearchpy/test_serializer.py" line="196" name="test_raises_serialization_error_on_load_error" time="0.001" /><testcase classname="test_opensearchpy.test_serializer.TestJSONSerializer" file="test_opensearchpy/test_serializer.py" line="171" name="test_raises_serialization_error_pandas_nat" time="0.001" /><testcase classname="test_opensearchpy.test_serializer.TestJSONSerializer" file="test_opensearchpy/test_serializer.py" line="77" name="test_serializes_numpy_bool" time="0.001" /><testcase classname="test_opensearchpy.test_serializer.TestJSONSerializer" file="test_opensearchpy/test_serializer.py" line="116" name="test_serializes_numpy_datetime" time="0.001" /><testcase classname="test_opensearchpy.test_serializer.TestJSONSerializer" file="test_opensearchpy/test_serializer.py" line="103" name="test_serializes_numpy_floats" time="0.001" /><testcase classname="test_opensearchpy.test_serializer.TestJSONSerializer" file="test_opensearchpy/test_serializer.py" line="82" name="test_serializes_numpy_integers" time="0.001" /><testcase classname="test_opensearchpy.test_serializer.TestJSONSerializer" file="test_opensearchpy/test_serializer.py" line="137" name="test_serializes_numpy_nan_to_nan" time="0.001" /><testcase classname="test_opensearchpy.test_serializer.TestJSONSerializer" file="test_opensearchpy/test_serializer.py" line="124" name="test_serializes_numpy_ndarray" time="0.001" /><testcase classname="test_opensearchpy.test_serializer.TestJSONSerializer" file="test_opensearchpy/test_serializer.py" line="178" name="test_serializes_pandas_category" time="0.003" /><testcase classname="test_opensearchpy.test_serializer.TestJSONSerializer" file="test_opensearchpy/test_serializer.py" line="161" name="test_serializes_pandas_na" time="0.001" /><testcase classname="test_opensearchpy.test_serializer.TestJSONSerializer" file="test_opensearchpy/test_serializer.py" line="153" name="test_serializes_pandas_series" time="0.001" /><testcase classname="test_opensearchpy.test_serializer.TestJSONSerializer" file="test_opensearchpy/test_serializer.py" line="145" name="test_serializes_pandas_timestamp" time="0.001" /><testcase classname="test_opensearchpy.test_serializer.TestJSONSerializer" file="test_opensearchpy/test_serializer.py" line="201" name="test_strings_are_left_untouched" time="0.001" /><testcase classname="test_opensearchpy.test_serializer.TestJSONSerializer" file="test_opensearchpy/test_serializer.py" line="69" name="test_uuid_serialization" time="0.001" /><testcase classname="test_opensearchpy.test_serializer.TestTextSerializer" file="test_opensearchpy/test_serializer.py" line="209" name="test_raises_serialization_error_on_dump_error" time="0.001" /><testcase classname="test_opensearchpy.test_serializer.TestTextSerializer" file="test_opensearchpy/test_serializer.py" line="206" name="test_strings_are_left_untouched" time="0.001" /><testcase classname="test_opensearchpy.test_serializer.TestDeserializer" file="test_opensearchpy/test_serializer.py" line="217" name="test_deserializes_json_by_default" time="0.001" /><testcase classname="test_opensearchpy.test_serializer.TestDeserializer" file="test_opensearchpy/test_serializer.py" line="220" name="test_deserializes_text_with_correct_ct" time="0.001" /><testcase classname="test_opensearchpy.test_serializer.TestDeserializer" file="test_opensearchpy/test_serializer.py" line="232" name="test_raises_improperly_configured_when_default_mimetype_cannot_be_deserialized" time="0.001" /><testcase classname="test_opensearchpy.test_serializer.TestDeserializer" file="test_opensearchpy/test_serializer.py" line="229" name="test_raises_serialization_error_on_unknown_mimetype" time="0.001" /><testcase classname="test_opensearchpy.test_transport.TestHostsInfoCallback" file="test_opensearchpy/test_transport.py" line="110" name="test_cluster_manager_only_nodes_are_ignored" time="0.001" /><testcase classname="test_opensearchpy.test_transport.TestTransport" file="test_opensearchpy/test_transport.py" line="252" name="test_add_connection" time="0.001" /><testcase classname="test_opensearchpy.test_transport.TestTransport" file="test_opensearchpy/test_transport.py" line="215" name="test_body_bytes_get_passed_untouched" time="0.001" /><testcase classname="test_opensearchpy.test_transport.TestTransport" file="test_opensearchpy/test_transport.py" line="205" name="test_body_gets_encoded_into_bytes" time="0.001" /><testcase classname="test_opensearchpy.test_transport.TestTransport" file="test_opensearchpy/test_transport.py" line="223" name="test_body_surrogates_replaced_encoded_into_bytes" time="0.001" /><testcase classname="test_opensearchpy.test_transport.TestTransport" file="test_opensearchpy/test_transport.py" line="243" name="test_custom_connection_class" time="0.001" /><testcase classname="test_opensearchpy.test_transport.TestTransport" file="test_opensearchpy/test_transport.py" line="270" name="test_failed_connection_will_be_marked_as_dead" time="0.001" /><testcase classname="test_opensearchpy.test_transport.TestTransport" file="test_opensearchpy/test_transport.py" line="238" name="test_kwargs_passed_on_to_connection_pool" time="0.001" /><testcase classname="test_opensearchpy.test_transport.TestTransport" file="test_opensearchpy/test_transport.py" line="233" name="test_kwargs_passed_on_to_connections" time="0.001" /><testcase classname="test_opensearchpy.test_transport.TestTransport" file="test_opensearchpy/test_transport.py" line="155" name="test_opaque_id" time="0.001" /><testcase classname="test_opensearchpy.test_transport.TestTransport" file="test_opensearchpy/test_transport.py" line="133" name="test_request_timeout_extracted_from_params_and_passed" time="0.001" /><testcase classname="test_opensearchpy.test_transport.TestTransport" file="test_opensearchpy/test_transport.py" line="261" name="test_request_will_fail_after_X_retries" time="0.001" /><testcase classname="test_opensearchpy.test_transport.TestTransport" file="test_opensearchpy/test_transport.py" line="175" name="test_request_with_custom_user_agent_header" time="0.001" /><testcase classname="test_opensearchpy.test_transport.TestTransport" file="test_opensearchpy/test_transport.py" line="279" name="test_resurrected_connection_will_be_marked_as_live_on_success" time="0.001" /><testcase classname="test_opensearchpy.test_transport.TestTransport" file="test_opensearchpy/test_transport.py" line="198" name="test_send_get_body_as_post" time="0.001" /><testcase classname="test_opensearchpy.test_transport.TestTransport" file="test_opensearchpy/test_transport.py" line="189" name="test_send_get_body_as_source" time="0.001" /><testcase classname="test_opensearchpy.test_transport.TestTransport" file="test_opensearchpy/test_transport.py" line="127" name="test_single_connection_uses_dummy_connection_pool" time="0.001" /><testcase classname="test_opensearchpy.test_transport.TestTransport" file="test_opensearchpy/test_transport.py" line="393" name="test_sniff_7x_publish_host" time="0.001" /><testcase classname="test_opensearchpy.test_transport.TestTransport" file="test_opensearchpy/test_transport.py" line="375" name="test_sniff_after_n_seconds" time="0.001" /><testcase classname="test_opensearchpy.test_transport.TestTransport" file="test_opensearchpy/test_transport.py" line="357" name="test_sniff_on_fail_failing_does_not_prevent_retires" time="0.001" /><testcase classname="test_opensearchpy.test_transport.TestTransport" file="test_opensearchpy/test_transport.py" line="344" name="test_sniff_on_fail_triggers_sniffing_on_fail" time="0.001" /><testcase classname="test_opensearchpy.test_transport.TestTransport" file="test_opensearchpy/test_transport.py" line="299" name="test_sniff_on_start_fetches_and_uses_nodes_list" time="0.001" /><testcase classname="test_opensearchpy.test_transport.TestTransport" file="test_opensearchpy/test_transport.py" line="308" name="test_sniff_on_start_ignores_sniff_timeout" time="0.001" /><testcase classname="test_opensearchpy.test_transport.TestTransport" file="test_opensearchpy/test_transport.py" line="332" name="test_sniff_reuses_connection_instances_if_possible" time="0.001" /><testcase classname="test_opensearchpy.test_transport.TestTransport" file="test_opensearchpy/test_transport.py" line="320" name="test_sniff_uses_sniff_timeout" time="0.001" /><testcase classname="test_opensearchpy.test_transport.TestTransport" file="test_opensearchpy/test_transport.py" line="291" name="test_sniff_will_use_seed_connections" time="0.001" /><testcase classname="test_opensearchpy.test_transport.TestTransport" file="test_opensearchpy/test_transport.py" line="144" name="test_timeout_extracted_from_params_and_passed" time="0.002" /><testcase classname="test_opensearchpy.test_async.test_asyncsigner.TestAsyncSigner" file="test_opensearchpy/test_async/test_asyncsigner.py" line="20" name="test_aws_signer_async_as_http_auth" time="0.003" /><testcase classname="test_opensearchpy.test_async.test_asyncsigner.TestAsyncSigner" file="test_opensearchpy/test_async/test_asyncsigner.py" line="50" name="test_aws_signer_async_when_credentials_is_null" time="0.002" /><testcase classname="test_opensearchpy.test_async.test_asyncsigner.TestAsyncSigner" file="test_opensearchpy/test_async/test_asyncsigner.py" line="34" name="test_aws_signer_async_when_region_is_null" time="0.001" /><testcase classname="test_opensearchpy.test_async.test_asyncsigner.TestAsyncSigner" file="test_opensearchpy/test_async/test_asyncsigner.py" line="65" name="test_aws_signer_async_when_service_is_specified" time="0.001" /><testcase classname="test_opensearchpy.test_async.test_connection.TestAIOHttpConnection" file="test_opensearchpy/test_async/test_connection.py" line="79" name="test_ssl_context" time="0.003" /><testcase classname="test_opensearchpy.test_async.test_connection.TestAIOHttpConnection" file="test_opensearchpy/test_async/test_connection.py" line="95" name="test_opaque_id" time="0.001" /><testcase classname="test_opensearchpy.test_async.test_connection.TestAIOHttpConnection" file="test_opensearchpy/test_async/test_connection.py" line="99" name="test_no_http_compression" time="0.002" /><testcase classname="test_opensearchpy.test_async.test_connection.TestAIOHttpConnection" file="test_opensearchpy/test_async/test_connection.py" line="112" name="test_http_compression" time="0.002" /><testcase classname="test_opensearchpy.test_async.test_connection.TestAIOHttpConnection" file="test_opensearchpy/test_async/test_connection.py" line="137" name="test_url_prefix" time="0.002" /><testcase classname="test_opensearchpy.test_async.test_connection.TestAIOHttpConnection" file="test_opensearchpy/test_async/test_connection.py" line="149" name="test_default_user_agent" time="0.001" /><testcase classname="test_opensearchpy.test_async.test_connection.TestAIOHttpConnection" file="test_opensearchpy/test_async/test_connection.py" line="156" name="test_timeout_set" time="0.001" /><testcase classname="test_opensearchpy.test_async.test_connection.TestAIOHttpConnection" file="test_opensearchpy/test_async/test_connection.py" line="160" name="test_keep_alive_is_on_by_default" time="0.001" /><testcase classname="test_opensearchpy.test_async.test_connection.TestAIOHttpConnection" file="test_opensearchpy/test_async/test_connection.py" line="168" name="test_http_auth" time="0.001" /><testcase classname="test_opensearchpy.test_async.test_connection.TestAIOHttpConnection" file="test_opensearchpy/test_async/test_connection.py" line="177" name="test_http_auth_tuple" time="0.001" /><testcase classname="test_opensearchpy.test_async.test_connection.TestAIOHttpConnection" file="test_opensearchpy/test_async/test_connection.py" line="186" name="test_http_auth_list" time="0.001" /><testcase classname="test_opensearchpy.test_async.test_connection.TestAIOHttpConnection" file="test_opensearchpy/test_async/test_connection.py" line="195" name="test_uses_https_if_verify_certs_is_off" time="0.001" /><testcase classname="test_opensearchpy.test_async.test_connection.TestAIOHttpConnection" file="test_opensearchpy/test_async/test_connection.py" line="208" name="test_nowarn_when_test_uses_https_if_verify_certs_is_off" time="0.001" /><testcase classname="test_opensearchpy.test_async.test_connection.TestAIOHttpConnection" file="test_opensearchpy/test_async/test_connection.py" line="218" name="test_doesnt_use_https_if_not_specified" time="0.001" /><testcase classname="test_opensearchpy.test_async.test_connection.TestAIOHttpConnection" file="test_opensearchpy/test_async/test_connection.py" line="222" name="test_no_warning_when_using_ssl_context" time="0.001" /><testcase classname="test_opensearchpy.test_async.test_connection.TestAIOHttpConnection" file="test_opensearchpy/test_async/test_connection.py" line="228" name="test_warns_if_using_non_default_ssl_kwargs_with_ssl_context" time="0.002" /><testcase classname="test_opensearchpy.test_async.test_connection.TestAIOHttpConnection" file="test_opensearchpy/test_async/test_connection.py" line="250" name="test_uses_given_ca_certs" time="0.006" /><testcase classname="test_opensearchpy.test_async.test_connection.TestAIOHttpConnection" file="test_opensearchpy/test_async/test_connection.py" line="257" name="test_uses_default_ca_certs" time="0.002" /><testcase classname="test_opensearchpy.test_async.test_connection.TestAIOHttpConnection" file="test_opensearchpy/test_async/test_connection.py" line="264" name="test_uses_no_ca_certs" time="0.001" /><testcase classname="test_opensearchpy.test_async.test_connection.TestAIOHttpConnection" file="test_opensearchpy/test_async/test_connection.py" line="269" name="test_uncompressed_body_logged" time="0.002" /><testcase classname="test_opensearchpy.test_async.test_connection.TestAIOHttpConnection" file="test_opensearchpy/test_async/test_connection.py" line="280" name="test_surrogatepass_into_bytes" time="0.001" /><testcase classname="test_opensearchpy.test_async.test_connection.TestAIOHttpConnection" file="test_opensearchpy/test_async/test_connection.py" line="286" name="test_recursion_error_reraised[RecursionError]" time="0.001" /><testcase classname="test_opensearchpy.test_async.test_connection.TestAIOHttpConnection" file="test_opensearchpy/test_async/test_connection.py" line="286" name="test_recursion_error_reraised[CancelledError]" time="0.001" /><testcase classname="test_opensearchpy.test_async.test_connection.TestConnectionHttpbin" file="test_opensearchpy/test_async/test_connection.py" line="312" name="test_aiohttp_connection" time="2.070" /><testcase classname="test_opensearchpy.test_async.test_connection.TestConnectionHttpbin" file="test_opensearchpy/test_async/test_connection.py" line="372" name="test_aiohttp_connection_error" time="0.011" /><testcase classname="test_opensearchpy.test_async.test_connection" file="test_opensearchpy/test_async/test_connection.py" line="378" name="test_default_connection_is_returned_by_default" time="0.002" /><testcase classname="test_opensearchpy.test_async.test_connection" file="test_opensearchpy/test_async/test_connection.py" line="389" name="test_get_connection_created_connection_if_needed" time="0.009" /><testcase classname="test_opensearchpy.test_async.test_connection" file="test_opensearchpy/test_async/test_connection.py" line="402" name="test_configure_preserves_unchanged_connections" time="0.002" /><testcase classname="test_opensearchpy.test_async.test_connection" file="test_opensearchpy/test_async/test_connection.py" line="421" name="test_remove_connection_removes_both_conn_and_conf" time="0.002" /><testcase classname="test_opensearchpy.test_async.test_connection" file="test_opensearchpy/test_async/test_connection.py" line="438" name="test_create_connection_constructs_client" time="0.002" /><testcase classname="test_opensearchpy.test_async.test_connection" file="test_opensearchpy/test_async/test_connection.py" line="446" name="test_create_connection_adds_our_serializer" time="0.002" /><testcase classname="test_opensearchpy.test_async.test_transport.TestTransport" file="test_opensearchpy/test_async/test_transport.py" line="122" name="test_single_connection_uses_dummy_connection_pool" time="0.001" /><testcase classname="test_opensearchpy.test_async.test_transport.TestTransport" file="test_opensearchpy/test_async/test_transport.py" line="130" name="test_request_timeout_extracted_from_params_and_passed" time="0.002" /><testcase classname="test_opensearchpy.test_async.test_transport.TestTransport" file="test_opensearchpy/test_async/test_transport.py" line="142" name="test_timeout_extracted_from_params_and_passed" time="0.002" /><testcase classname="test_opensearchpy.test_async.test_transport.TestTransport" file="test_opensearchpy/test_async/test_transport.py" line="154" name="test_opaque_id" time="0.001" /><testcase classname="test_opensearchpy.test_async.test_transport.TestTransport" file="test_opensearchpy/test_async/test_transport.py" line="176" name="test_request_with_custom_user_agent_header" time="0.001" /><testcase classname="test_opensearchpy.test_async.test_transport.TestTransport" file="test_opensearchpy/test_async/test_transport.py" line="189" name="test_send_get_body_as_source" time="0.001" /><testcase classname="test_opensearchpy.test_async.test_transport.TestTransport" file="test_opensearchpy/test_async/test_transport.py" line="198" name="test_send_get_body_as_post" time="0.002" /><testcase classname="test_opensearchpy.test_async.test_transport.TestTransport" file="test_opensearchpy/test_async/test_transport.py" line="207" name="test_body_gets_encoded_into_bytes" time="0.001" /><testcase classname="test_opensearchpy.test_async.test_transport.TestTransport" file="test_opensearchpy/test_async/test_transport.py" line="219" name="test_body_bytes_get_passed_untouched" time="0.002" /><testcase classname="test_opensearchpy.test_async.test_transport.TestTransport" file="test_opensearchpy/test_async/test_transport.py" line="227" name="test_body_surrogates_replaced_encoded_into_bytes" time="0.001" /><testcase classname="test_opensearchpy.test_async.test_transport.TestTransport" file="test_opensearchpy/test_async/test_transport.py" line="239" name="test_kwargs_passed_on_to_connections" time="0.001" /><testcase classname="test_opensearchpy.test_async.test_transport.TestTransport" file="test_opensearchpy/test_async/test_transport.py" line="245" name="test_kwargs_passed_on_to_connection_pool" time="0.001" /><testcase classname="test_opensearchpy.test_async.test_transport.TestTransport" file="test_opensearchpy/test_async/test_transport.py" line="251" name="test_custom_connection_class" time="0.001" /><testcase classname="test_opensearchpy.test_async.test_transport.TestTransport" file="test_opensearchpy/test_async/test_transport.py" line="261" name="test_add_connection" time="0.001" /><testcase classname="test_opensearchpy.test_async.test_transport.TestTransport" file="test_opensearchpy/test_async/test_transport.py" line="268" name="test_request_will_fail_after_X_retries" time="0.001" /><testcase classname="test_opensearchpy.test_async.test_transport.TestTransport" file="test_opensearchpy/test_async/test_transport.py" line="283" name="test_failed_connection_will_be_marked_as_dead" time="0.002" /><testcase classname="test_opensearchpy.test_async.test_transport.TestTransport" file="test_opensearchpy/test_async/test_transport.py" line="298" name="test_resurrected_connection_will_be_marked_as_live_on_success" time="0.002" /><testcase classname="test_opensearchpy.test_async.test_transport.TestTransport" file="test_opensearchpy/test_async/test_transport.py" line="311" name="test_sniff_will_use_seed_connections" time="0.001" /><testcase classname="test_opensearchpy.test_async.test_transport.TestTransport" file="test_opensearchpy/test_async/test_transport.py" line="320" name="test_sniff_on_start_fetches_and_uses_nodes_list" time="0.001" /><testcase classname="test_opensearchpy.test_async.test_transport.TestTransport" file="test_opensearchpy/test_async/test_transport.py" line="332" name="test_sniff_on_start_ignores_sniff_timeout" time="0.001" /><testcase classname="test_opensearchpy.test_async.test_transport.TestTransport" file="test_opensearchpy/test_async/test_transport.py" line="346" name="test_sniff_uses_sniff_timeout" time="0.001" /><testcase classname="test_opensearchpy.test_async.test_transport.TestTransport" file="test_opensearchpy/test_async/test_transport.py" line="359" name="test_sniff_reuses_connection_instances_if_possible" time="0.002" /><testcase classname="test_opensearchpy.test_async.test_transport.TestTransport" file="test_opensearchpy/test_async/test_transport.py" line="373" name="test_sniff_on_fail_triggers_sniffing_on_fail" time="0.001" /><testcase classname="test_opensearchpy.test_async.test_transport.TestTransport" file="test_opensearchpy/test_async/test_transport.py" line="395" name="test_sniff_on_fail_failing_does_not_prevent_retires" time="0.002" /><testcase classname="test_opensearchpy.test_async.test_transport.TestTransport" file="test_opensearchpy/test_async/test_transport.py" line="414" name="test_sniff_after_n_seconds" time="0.002" /><testcase classname="test_opensearchpy.test_async.test_transport.TestTransport" file="test_opensearchpy/test_async/test_transport.py" line="435" name="test_sniff_7x_publish_host" time="0.004" /><testcase classname="test_opensearchpy.test_async.test_transport.TestTransport" file="test_opensearchpy/test_async/test_transport.py" line="451" name="test_transport_close_closes_all_pool_connections" time="0.001" /><testcase classname="test_opensearchpy.test_async.test_transport.TestTransport" file="test_opensearchpy/test_async/test_transport.py" line="466" name="test_sniff_on_start_error_if_no_sniffed_hosts" time="0.002" /><testcase classname="test_opensearchpy.test_async.test_transport.TestTransport" file="test_opensearchpy/test_async/test_transport.py" line="483" name="test_sniff_on_start_waits_for_sniff_to_complete" time="1.009" /><testcase classname="test_opensearchpy.test_async.test_transport.TestTransport" file="test_opensearchpy/test_async/test_transport.py" line="519" name="test_sniff_on_start_close_unlocks_async_calls" time="0.004" /><testcase classname="test_opensearchpy.test_client.test_cluster.TestCluster" file="test_opensearchpy/test_client/test_cluster.py" line="42" name="test_state_with_index_without_metric_defaults_to_all" time="0.003" /><testcase classname="test_opensearchpy.test_client.test_cluster.TestCluster" file="test_opensearchpy/test_client/test_cluster.py" line="35" name="test_stats_with_node_id" time="0.002" /><testcase classname="test_opensearchpy.test_client.test_cluster.TestCluster" file="test_opensearchpy/test_client/test_cluster.py" line="31" name="test_stats_without_node_id" time="0.001" /><testcase classname="test_opensearchpy.test_client.test_indices.TestIndices" file="test_opensearchpy/test_client/test_indices.py" line="31" name="test_create_one_index" time="0.001" /><testcase classname="test_opensearchpy.test_client.test_indices.TestIndices" file="test_opensearchpy/test_client/test_indices.py" line="35" name="test_delete_multiple_indices" time="0.003" /><testcase classname="test_opensearchpy.test_client.test_indices.TestIndices" file="test_opensearchpy/test_client/test_indices.py" line="39" name="test_exists_index" time="0.001" /><testcase classname="test_opensearchpy.test_client.test_indices.TestIndices" file="test_opensearchpy/test_client/test_indices.py" line="43" name="test_passing_empty_value_for_required_param_raises_exception" time="0.001" /><testcase classname="test_opensearchpy.test_client.test_overrides.TestOverriddenUrlTargets" file="test_opensearchpy/test_client/test_overrides.py" line="84" name="test_cluster_state" time="0.001" /><testcase classname="test_opensearchpy.test_client.test_overrides.TestOverriddenUrlTargets" file="test_opensearchpy/test_client/test_overrides.py" line="94" name="test_cluster_stats" time="0.001" /><testcase classname="test_opensearchpy.test_client.test_overrides.TestOverriddenUrlTargets" file="test_opensearchpy/test_client/test_overrides.py" line="34" name="test_create" time="0.001" /><testcase classname="test_opensearchpy.test_client.test_overrides.TestOverriddenUrlTargets" file="test_opensearchpy/test_client/test_overrides.py" line="38" name="test_delete" time="0.001" /><testcase classname="test_opensearchpy.test_client.test_overrides.TestOverriddenUrlTargets" file="test_opensearchpy/test_client/test_overrides.py" line="42" name="test_exists" time="0.001" /><testcase classname="test_opensearchpy.test_client.test_overrides.TestOverriddenUrlTargets" file="test_opensearchpy/test_client/test_overrides.py" line="58" name="test_exists_source" time="0.001" /><testcase classname="test_opensearchpy.test_client.test_overrides.TestOverriddenUrlTargets" file="test_opensearchpy/test_client/test_overrides.py" line="46" name="test_explain" time="0.001" /><testcase classname="test_opensearchpy.test_client.test_overrides.TestOverriddenUrlTargets" file="test_opensearchpy/test_client/test_overrides.py" line="50" name="test_get" time="0.001" /><testcase classname="test_opensearchpy.test_client.test_overrides.TestOverriddenUrlTargets" file="test_opensearchpy/test_client/test_overrides.py" line="54" name="test_get_source" time="0.001" /><testcase classname="test_opensearchpy.test_client.test_overrides.TestOverriddenUrlTargets" file="test_opensearchpy/test_client/test_overrides.py" line="62" name="test_index" time="0.001" /><testcase classname="test_opensearchpy.test_client.test_overrides.TestOverriddenUrlTargets" file="test_opensearchpy/test_client/test_overrides.py" line="101" name="test_indices_put_mapping" time="0.001" /><testcase classname="test_opensearchpy.test_client.test_overrides.TestOverriddenUrlTargets" file="test_opensearchpy/test_client/test_overrides.py" line="76" name="test_mtermvectors" time="0.001" /><testcase classname="test_opensearchpy.test_client.test_overrides.TestOverriddenUrlTargets" file="test_opensearchpy/test_client/test_overrides.py" line="108" name="test_tasks_get" time="0.001" /><testcase classname="test_opensearchpy.test_client.test_overrides.TestOverriddenUrlTargets" file="test_opensearchpy/test_client/test_overrides.py" line="69" name="test_termvectors" time="0.001" /><testcase classname="test_opensearchpy.test_client.test_overrides.TestOverriddenUrlTargets" file="test_opensearchpy/test_client/test_overrides.py" line="80" name="test_update" time="0.001" /><testcase classname="test_opensearchpy.test_client.test_plugins.TestAlerting" file="test_opensearchpy/test_client/test_plugins.py" line="72" name="test_acknowledge_alerts" time="0.002" /><testcase classname="test_opensearchpy.test_client.test_plugins.TestAlerting" file="test_opensearchpy/test_client/test_plugins.py" line="42" name="test_create_destination" time="0.001" /><testcase classname="test_opensearchpy.test_client.test_plugins.TestAlerting" file="test_opensearchpy/test_client/test_plugins.py" line="13" name="test_create_monitor" time="0.001" /><testcase classname="test_opensearchpy.test_client.test_plugins.TestAlerting" file="test_opensearchpy/test_client/test_plugins.py" line="63" name="test_delete_destination" time="0.001" /><testcase classname="test_opensearchpy.test_client.test_plugins.TestAlerting" file="test_opensearchpy/test_client/test_plugins.py" line="37" name="test_delete_monitor" time="0.001" /><testcase classname="test_opensearchpy.test_client.test_plugins.TestAlerting" file="test_opensearchpy/test_client/test_plugins.py" line="68" name="test_get_alerts" time="0.001" /><testcase classname="test_opensearchpy.test_client.test_plugins.TestAlerting" file="test_opensearchpy/test_client/test_plugins.py" line="47" name="test_get_destination" time="0.001" /><testcase classname="test_opensearchpy.test_client.test_plugins.TestAlerting" file="test_opensearchpy/test_client/test_plugins.py" line="22" name="test_get_monitor" time="0.001" /><testcase classname="test_opensearchpy.test_client.test_plugins.TestAlerting" file="test_opensearchpy/test_client/test_plugins.py" line="18" name="test_run_monitor" time="0.001" /><testcase classname="test_opensearchpy.test_client.test_plugins.TestAlerting" file="test_opensearchpy/test_client/test_plugins.py" line="27" name="test_search_monitor" time="0.001" /><testcase classname="test_opensearchpy.test_client.test_plugins.TestAlerting" file="test_opensearchpy/test_client/test_plugins.py" line="58" name="test_update_destination" time="0.001" /><testcase classname="test_opensearchpy.test_client.test_plugins.TestAlerting" file="test_opensearchpy/test_client/test_plugins.py" line="32" name="test_update_monitor" time="0.001" /><testcase classname="test_opensearchpy.test_client.test_point_in_time.TestPointInTime" file="test_opensearchpy/test_client/test_point_in_time.py" line="13" name="test_create_one_point_in_time" time="0.001" /><testcase classname="test_opensearchpy.test_client.test_point_in_time.TestPointInTime" file="test_opensearchpy/test_client/test_point_in_time.py" line="22" name="test_delete_all_point_in_time" time="0.001" /><testcase classname="test_opensearchpy.test_client.test_point_in_time.TestPointInTime" file="test_opensearchpy/test_client/test_point_in_time.py" line="18" name="test_delete_one_point_in_time" time="0.001" /><testcase classname="test_opensearchpy.test_client.test_point_in_time.TestPointInTime" file="test_opensearchpy/test_client/test_point_in_time.py" line="26" name="test_list_all_point_in_time" time="0.001" /><testcase classname="test_opensearchpy.test_client.test_utils.TestQueryParams" file="test_opensearchpy/test_client/test_utils.py" line="71" name="test_handles_empty_none_and_normalization" time="0.001" /><testcase classname="test_opensearchpy.test_client.test_utils.TestQueryParams" file="test_opensearchpy/test_client/test_utils.py" line="59" name="test_handles_headers" time="0.001" /><testcase classname="test_opensearchpy.test_client.test_utils.TestQueryParams" file="test_opensearchpy/test_client/test_utils.py" line="65" name="test_handles_opaque_id" time="0.001" /><testcase classname="test_opensearchpy.test_client.test_utils.TestQueryParams" file="test_opensearchpy/test_client/test_utils.py" line="44" name="test_handles_params" time="0.001" /><testcase classname="test_opensearchpy.test_client.test_utils.TestQueryParams" file="test_opensearchpy/test_client/test_utils.py" line="87" name="test_per_call_authentication" time="0.001" /><testcase classname="test_opensearchpy.test_client.test_utils.TestMakePath" file="test_opensearchpy/test_client/test_utils.py" line="132" name="test_handles_unicode" time="0.001" /><testcase classname="test_opensearchpy.test_client.test_utils.TestMakePath" file="test_opensearchpy/test_client/test_utils.py" line="138" name="test_handles_utf_encoded_string" time="0.001"><skipped message="Only relevant for py2" type="pytest.skip">/Users/saimedhi/code/opensearch-py/test_opensearchpy/test_client/test_utils.py:139: Only relevant for py2</skipped></testcase><testcase classname="test_opensearchpy.test_client.test_utils.TestEscape" file="test_opensearchpy/test_client/test_utils.py" line="148" name="test_handles_ascii" time="0.001" /><testcase classname="test_opensearchpy.test_client.test_utils.TestEscape" file="test_opensearchpy/test_client/test_utils.py" line="156" name="test_handles_bytestring" time="0.001" /><testcase classname="test_opensearchpy.test_client.test_utils.TestEscape" file="test_opensearchpy/test_client/test_utils.py" line="152" name="test_handles_unicode" time="0.001" /><testcase classname="test_opensearchpy.test_client.test_utils.TestBulkBody" file="test_opensearchpy/test_client/test_utils.py" line="177" name="test_bulk_body_as_bytestring_adds_trailing_newline" time="0.001" /><testcase classname="test_opensearchpy.test_client.test_utils.TestBulkBody" file="test_opensearchpy/test_client/test_utils.py" line="170" name="test_bulk_body_as_string_adds_trailing_newline" time="0.001" /><testcase classname="test_opensearchpy.test_client.test_utils.TestBulkBody" file="test_opensearchpy/test_client/test_utils.py" line="166" name="test_proper_bulk_body_as_bytestring_is_not_modified" time="0.001" /><testcase classname="test_opensearchpy.test_client.test_utils.TestBulkBody" file="test_opensearchpy/test_client/test_utils.py" line="162" name="test_proper_bulk_body_as_string_is_not_modified" time="0.001" /><testcase classname="test_opensearchpy.test_helpers.test_actions.TestParallelBulk" file="test_opensearchpy/test_helpers/test_actions.py" line="58" name="test_all_chunks_sent" time="1.357" /><testcase classname="test_opensearchpy.test_helpers.test_actions.TestParallelBulk" file="test_opensearchpy/test_helpers/test_actions.py" line="68" name="test_chunk_sent_from_different_threads" time="0.001"><skipped message="unconditional skip" type="pytest.skip">/Users/saimedhi/code/opensearch-py/test_opensearchpy/test_helpers/test_actions.py:69: unconditional skip</skipped></testcase><testcase classname="test_opensearchpy.test_helpers.test_actions.TestChunkActions" file="test_opensearchpy/test_helpers/test_actions.py" line="156" name="test__source_metadata_or_source" time="0.002" /><testcase classname="test_opensearchpy.test_helpers.test_actions.TestChunkActions" file="test_opensearchpy/test_helpers/test_actions.py" line="184" name="test_chunks_are_chopped_by_byte_size" time="0.004" /><testcase classname="test_opensearchpy.test_helpers.test_actions.TestChunkActions" file="test_opensearchpy/test_helpers/test_actions.py" line="202" name="test_chunks_are_chopped_by_byte_size_properly" time="0.004" /><testcase classname="test_opensearchpy.test_helpers.test_actions.TestChunkActions" file="test_opensearchpy/test_helpers/test_actions.py" line="192" name="test_chunks_are_chopped_by_chunk_size" time="0.003" /><testcase classname="test_opensearchpy.test_helpers.test_actions.TestChunkActions" file="test_opensearchpy/test_helpers/test_actions.py" line="88" name="test_expand_action" time="0.001" /><testcase classname="test_opensearchpy.test_helpers.test_actions.TestChunkActions" file="test_opensearchpy/test_helpers/test_actions.py" line="94" name="test_expand_action_actions" time="0.001" /><testcase classname="test_opensearchpy.test_helpers.test_actions.TestChunkActions" file="test_opensearchpy/test_helpers/test_actions.py" line="125" name="test_expand_action_options" time="0.001" /><testcase classname="test_opensearchpy.test_helpers.test_actions.TestExpandActions" file="test_opensearchpy/test_helpers/test_actions.py" line="217" name="test_string_actions_are_marked_as_simple_inserts" time="0.001" /><testcase classname="test_opensearchpy.test_helpers.test_aggs" file="test_opensearchpy/test_helpers/test_aggs.py" line="31" name="test_repr" time="0.001" /><testcase classname="test_opensearchpy.test_helpers.test_aggs" file="test_opensearchpy/test_helpers/test_aggs.py" line="38" name="test_meta" time="0.001" /><testcase classname="test_opensearchpy.test_helpers.test_aggs" file="test_opensearchpy/test_helpers/test_aggs.py" line="51" name="test_meta_from_dict" time="0.001" /><testcase classname="test_opensearchpy.test_helpers.test_aggs" file="test_opensearchpy/test_helpers/test_aggs.py" line="60" name="test_A_creates_proper_agg" time="0.001" /><testcase classname="test_opensearchpy.test_helpers.test_aggs" file="test_opensearchpy/test_helpers/test_aggs.py" line="67" name="test_A_handles_nested_aggs_properly" time="0.001" /><testcase classname="test_opensearchpy.test_helpers.test_aggs" file="test_opensearchpy/test_helpers/test_aggs.py" line="75" name="test_A_passes_aggs_through" time="0.001" /><testcase classname="test_opensearchpy.test_helpers.test_aggs" file="test_opensearchpy/test_helpers/test_aggs.py" line="80" name="test_A_from_dict" time="0.001" /><testcase classname="test_opensearchpy.test_helpers.test_aggs" file="test_opensearchpy/test_helpers/test_aggs.py" line="96" name="test_A_fails_with_incorrect_dict" time="0.001" /><testcase classname="test_opensearchpy.test_helpers.test_aggs" file="test_opensearchpy/test_helpers/test_aggs.py" line="116" name="test_A_fails_with_agg_and_params" time="0.001" /><testcase classname="test_opensearchpy.test_helpers.test_aggs" file="test_opensearchpy/test_helpers/test_aggs.py" line="123" name="test_buckets_are_nestable" time="0.001" /><testcase classname="test_opensearchpy.test_helpers.test_aggs" file="test_opensearchpy/test_helpers/test_aggs.py" line="132" name="test_metric_inside_buckets" time="0.001" /><testcase classname="test_opensearchpy.test_helpers.test_aggs" file="test_opensearchpy/test_helpers/test_aggs.py" line="141" name="test_buckets_equals_counts_subaggs" time="0.001" /><testcase classname="test_opensearchpy.test_helpers.test_aggs" file="test_opensearchpy/test_helpers/test_aggs.py" line="149" name="test_buckets_to_dict" time="0.001" /><testcase classname="test_opensearchpy.test_helpers.test_aggs" file="test_opensearchpy/test_helpers/test_aggs.py" line="167" name="test_nested_buckets_are_reachable_as_getitem" time="0.001" /><testcase classname="test_opensearchpy.test_helpers.test_aggs" file="test_opensearchpy/test_helpers/test_aggs.py" line="175" name="test_nested_buckets_are_settable_as_getitem" time="0.001" /><testcase classname="test_opensearchpy.test_helpers.test_aggs" file="test_opensearchpy/test_helpers/test_aggs.py" line="182" name="test_filter_can_be_instantiated_using_positional_args" time="0.001" /><testcase classname="test_opensearchpy.test_helpers.test_aggs" file="test_opensearchpy/test_helpers/test_aggs.py" line="190" name="test_filter_aggregation_as_nested_agg" time="0.001" /><testcase classname="test_opensearchpy.test_helpers.test_aggs" file="test_opensearchpy/test_helpers/test_aggs.py" line="200" name="test_filter_aggregation_with_nested_aggs" time="0.001" /><testcase classname="test_opensearchpy.test_helpers.test_aggs" file="test_opensearchpy/test_helpers/test_aggs.py" line="210" name="test_filters_correctly_identifies_the_hash" time="0.001" /><testcase classname="test_opensearchpy.test_helpers.test_aggs" file="test_opensearchpy/test_helpers/test_aggs.py" line="230" name="test_bucket_sort_agg" time="0.001" /><testcase classname="test_opensearchpy.test_helpers.test_aggs" file="test_opensearchpy/test_helpers/test_aggs.py" line="255" name="test_bucket_sort_agg_only_trnunc" time="0.001" /><testcase classname="test_opensearchpy.test_helpers.test_aggs" file="test_opensearchpy/test_helpers/test_aggs.py" line="267" name="test_geohash_grid_aggregation" time="0.001" /><testcase classname="test_opensearchpy.test_helpers.test_aggs" file="test_opensearchpy/test_helpers/test_aggs.py" line="273" name="test_geotile_grid_aggregation" time="0.001" /><testcase classname="test_opensearchpy.test_helpers.test_aggs" file="test_opensearchpy/test_helpers/test_aggs.py" line="279" name="test_boxplot_aggregation" time="0.001" /><testcase classname="test_opensearchpy.test_helpers.test_aggs" file="test_opensearchpy/test_helpers/test_aggs.py" line="285" name="test_rare_terms_aggregation" time="0.001" /><testcase classname="test_opensearchpy.test_helpers.test_aggs" file="test_opensearchpy/test_helpers/test_aggs.py" line="306" name="test_variable_width_histogram_aggregation" time="0.001" /><testcase classname="test_opensearchpy.test_helpers.test_aggs" file="test_opensearchpy/test_helpers/test_aggs.py" line="311" name="test_median_absolute_deviation_aggregation" time="0.001" /><testcase classname="test_opensearchpy.test_helpers.test_aggs" file="test_opensearchpy/test_helpers/test_aggs.py" line="317" name="test_t_test_aggregation" time="0.001" /><testcase classname="test_opensearchpy.test_helpers.test_aggs" file="test_opensearchpy/test_helpers/test_aggs.py" line="333" name="test_inference_aggregation" time="0.001" /><testcase classname="test_opensearchpy.test_helpers.test_aggs" file="test_opensearchpy/test_helpers/test_aggs.py" line="340" name="test_moving_percentiles_aggregation" time="0.001" /><testcase classname="test_opensearchpy.test_helpers.test_aggs" file="test_opensearchpy/test_helpers/test_aggs.py" line="360" name="test_normalize_aggregation" time="0.001" /><testcase classname="test_opensearchpy.test_helpers.test_analysis" file="test_opensearchpy/test_helpers/test_analysis.py" line="32" name="test_analyzer_serializes_as_name" time="0.001" /><testcase classname="test_opensearchpy.test_helpers.test_analysis" file="test_opensearchpy/test_helpers/test_analysis.py" line="38" name="test_analyzer_has_definition" time="0.001" /><testcase classname="test_opensearchpy.test_helpers.test_analysis" file="test_opensearchpy/test_helpers/test_analysis.py" line="50" name="test_simple_multiplexer_filter" time="0.001" /><testcase classname="test_opensearchpy.test_helpers.test_analysis" file="test_opensearchpy/test_helpers/test_analysis.py" line="78" name="test_multiplexer_with_custom_filter" time="0.001" /><testcase classname="test_opensearchpy.test_helpers.test_analysis" file="test_opensearchpy/test_helpers/test_analysis.py" line="109" name="test_conditional_token_filter" time="0.001" /><testcase classname="test_opensearchpy.test_helpers.test_analysis" file="test_opensearchpy/test_helpers/test_analysis.py" line="146" name="test_conflicting_nested_filters_cause_error" time="0.001" /><testcase classname="test_opensearchpy.test_helpers.test_analysis" file="test_opensearchpy/test_helpers/test_analysis.py" line="168" name="test_normalizer_serializes_as_name" time="0.001" /><testcase classname="test_opensearchpy.test_helpers.test_analysis" file="test_opensearchpy/test_helpers/test_analysis.py" line="174" name="test_normalizer_has_definition" time="0.001" /><testcase classname="test_opensearchpy.test_helpers.test_analysis" file="test_opensearchpy/test_helpers/test_analysis.py" line="186" name="test_tokenizer" time="0.001" /><testcase classname="test_opensearchpy.test_helpers.test_analysis" file="test_opensearchpy/test_helpers/test_analysis.py" line="193" name="test_custom_analyzer_can_collect_custom_items" time="0.001" /><testcase classname="test_opensearchpy.test_helpers.test_analysis" file="test_opensearchpy/test_helpers/test_analysis.py" line="220" name="test_stemmer_analyzer_can_pass_name" time="0.001" /><testcase classname="test_opensearchpy.test_helpers.test_document" file="test_opensearchpy/test_helpers/test_document.py" line="130" name="test_range_serializes_properly" time="0.001" /><testcase classname="test_opensearchpy.test_helpers.test_document" file="test_opensearchpy/test_helpers/test_document.py" line="143" name="test_range_deserializes_properly" time="0.001" /><testcase classname="test_opensearchpy.test_helpers.test_document" file="test_opensearchpy/test_helpers/test_document.py" line="153" name="test_resolve_nested" time="0.001" /><testcase classname="test_opensearchpy.test_helpers.test_document" file="test_opensearchpy/test_helpers/test_document.py" line="159" name="test_conflicting_mapping_raises_error_in_index_to_dict" time="0.001" /><testcase classname="test_opensearchpy.test_helpers.test_document" file="test_opensearchpy/test_helpers/test_document.py" line="174" name="test_ip_address_serializes_properly" time="0.001" /><testcase classname="test_opensearchpy.test_helpers.test_document" file="test_opensearchpy/test_helpers/test_document.py" line="180" name="test_matches_uses_index" time="0.001" /><testcase classname="test_opensearchpy.test_helpers.test_document" file="test_opensearchpy/test_helpers/test_document.py" line="185" name="test_matches_with_no_name_always_matches" time="0.001" /><testcase classname="test_opensearchpy.test_helpers.test_document" file="test_opensearchpy/test_helpers/test_document.py" line="193" name="test_matches_accepts_wildcards" time="0.001" /><testcase classname="test_opensearchpy.test_helpers.test_document" file="test_opensearchpy/test_helpers/test_document.py" line="202" name="test_assigning_attrlist_to_field" time="0.001" /><testcase classname="test_opensearchpy.test_helpers.test_document" file="test_opensearchpy/test_helpers/test_document.py" line="210" name="test_optional_inner_objects_are_not_validated_if_missing" time="0.001" /><testcase classname="test_opensearchpy.test_helpers.test_document" file="test_opensearchpy/test_helpers/test_document.py" line="216" name="test_custom_field" time="0.003" /><testcase classname="test_opensearchpy.test_helpers.test_document" file="test_opensearchpy/test_helpers/test_document.py" line="227" name="test_custom_field_mapping" time="0.001" /><testcase classname="test_opensearchpy.test_helpers.test_document" file="test_opensearchpy/test_helpers/test_document.py" line="233" name="test_custom_field_in_nested" time="0.001" /><testcase classname="test_opensearchpy.test_helpers.test_document" file="test_opensearchpy/test_helpers/test_document.py" line="241" name="test_multi_works_after_doc_has_been_saved" time="0.001" /><testcase classname="test_opensearchpy.test_helpers.test_document" file="test_opensearchpy/test_helpers/test_document.py" line="249" name="test_multi_works_in_nested_after_doc_has_been_serialized" time="0.001" /><testcase classname="test_opensearchpy.test_helpers.test_document" file="test_opensearchpy/test_helpers/test_document.py" line="258" name="test_null_value_for_object" time="0.001" /><testcase classname="test_opensearchpy.test_helpers.test_document" file="test_opensearchpy/test_helpers/test_document.py" line="264" name="test_inherited_doc_types_can_override_index" time="0.001" /><testcase classname="test_opensearchpy.test_helpers.test_document" file="test_opensearchpy/test_helpers/test_document.py" line="296" name="test_to_dict_with_meta" time="0.001" /><testcase classname="test_opensearchpy.test_helpers.test_document" file="test_opensearchpy/test_helpers/test_document.py" line="307" name="test_to_dict_with_meta_includes_custom_index" time="0.001" /><testcase classname="test_opensearchpy.test_helpers.test_document" file="test_opensearchpy/test_helpers/test_document.py" line="314" name="test_to_dict_without_skip_empty_will_include_empty_fields" time="0.001" /><testcase classname="test_opensearchpy.test_helpers.test_document" file="test_opensearchpy/test_helpers/test_document.py" line="321" name="test_attribute_can_be_removed" time="0.001" /><testcase classname="test_opensearchpy.test_helpers.test_document" file="test_opensearchpy/test_helpers/test_document.py" line="328" name="test_doc_type_can_be_correctly_pickled" time="0.002" /><testcase classname="test_opensearchpy.test_helpers.test_document" file="test_opensearchpy/test_helpers/test_document.py" line="343" name="test_meta_is_accessible_even_on_empty_doc" time="0.001" /><testcase classname="test_opensearchpy.test_helpers.test_document" file="test_opensearchpy/test_helpers/test_document.py" line="351" name="test_meta_field_mapping" time="0.001" /><testcase classname="test_opensearchpy.test_helpers.test_document" file="test_opensearchpy/test_helpers/test_document.py" line="370" name="test_multi_value_fields" time="0.001" /><testcase classname="test_opensearchpy.test_helpers.test_document" file="test_opensearchpy/test_helpers/test_document.py" line="381" name="test_docs_with_properties" time="0.001" /><testcase classname="test_opensearchpy.test_helpers.test_document" file="test_opensearchpy/test_helpers/test_document.py" line="409" name="test_nested_can_be_assigned_to" time="0.001" /><testcase classname="test_opensearchpy.test_helpers.test_document" file="test_opensearchpy/test_helpers/test_document.py" line="420" name="test_nested_can_be_none" time="0.001" /><testcase classname="test_opensearchpy.test_helpers.test_document" file="test_opensearchpy/test_helpers/test_document.py" line="426" name="test_nested_defaults_to_list_and_can_be_updated" time="0.001" /><testcase classname="test_opensearchpy.test_helpers.test_document" file="test_opensearchpy/test_helpers/test_document.py" line="435" name="test_to_dict_is_recursive_and_can_cope_with_multi_values" time="0.001" /><testcase classname="test_opensearchpy.test_helpers.test_document" file="test_opensearchpy/test_helpers/test_document.py" line="447" name="test_to_dict_ignores_empty_collections" time="0.001" /><testcase classname="test_opensearchpy.test_helpers.test_document" file="test_opensearchpy/test_helpers/test_document.py" line="453" name="test_declarative_mapping_definition" time="0.001" /><testcase classname="test_opensearchpy.test_helpers.test_document" file="test_opensearchpy/test_helpers/test_document.py" line="466" name="test_you_can_supply_own_mapping_instance" time="0.001" /><testcase classname="test_opensearchpy.test_helpers.test_document" file="test_opensearchpy/test_helpers/test_document.py" line="480" name="test_document_can_be_created_dynamically" time="0.001" /><testcase classname="test_opensearchpy.test_helpers.test_document" file="test_opensearchpy/test_helpers/test_document.py" line="501" name="test_invalid_date_will_raise_exception" time="0.001" /><testcase classname="test_opensearchpy.test_helpers.test_document" file="test_opensearchpy/test_helpers/test_document.py" line="508" name="test_document_inheritance" time="0.001" /><testcase classname="test_opensearchpy.test_helpers.test_document" file="test_opensearchpy/test_helpers/test_document.py" line="522" name="test_child_class_can_override_parent" time="0.001" /><testcase classname="test_opensearchpy.test_helpers.test_document" file="test_opensearchpy/test_helpers/test_document.py" line="540" name="test_meta_fields_are_stored_in_meta_and_ignored_by_to_dict" time="0.000" /><testcase classname="test_opensearchpy.test_helpers.test_document" file="test_opensearchpy/test_helpers/test_document.py" line="550" name="test_index_inheritance" time="0.001" /><testcase classname="test_opensearchpy.test_helpers.test_document" file="test_opensearchpy/test_helpers/test_document.py" line="567" name="test_meta_fields_can_be_set_directly_in_init" time="0.001" /><testcase classname="test_opensearchpy.test_helpers.test_document" file="test_opensearchpy/test_helpers/test_document.py" line="574" name="test_save_no_index" time="0.002" /><testcase classname="test_opensearchpy.test_helpers.test_document" file="test_opensearchpy/test_helpers/test_document.py" line="580" name="test_delete_no_index" time="0.001" /><testcase classname="test_opensearchpy.test_helpers.test_document" file="test_opensearchpy/test_helpers/test_document.py" line="586" name="test_update_no_fields" time="0.001" /><testcase classname="test_opensearchpy.test_helpers.test_document" file="test_opensearchpy/test_helpers/test_document.py" line="592" name="test_search_with_custom_alias_and_index" time="0.001" /><testcase classname="test_opensearchpy.test_helpers.test_document" file="test_opensearchpy/test_helpers/test_document.py" line="601" name="test_from_opensearch_respects_underscored_non_meta_fields" time="0.001" /><testcase classname="test_opensearchpy.test_helpers.test_document" file="test_opensearchpy/test_helpers/test_document.py" line="625" name="test_nested_and_object_inner_doc" time="0.001" /><testcase classname="test_opensearchpy.test_helpers.test_faceted_search" file="test_opensearchpy/test_helpers/test_faceted_search.py" line="50" name="test_query_is_created_properly" time="0.001" /><testcase classname="test_opensearchpy.test_helpers.test_faceted_search" file="test_opensearchpy/test_helpers/test_faceted_search.py" line="73" name="test_query_is_created_properly_with_sort_tuple" time="0.001" /><testcase classname="test_opensearchpy.test_helpers.test_faceted_search" file="test_opensearchpy/test_helpers/test_faceted_search.py" line="97" name="test_filter_is_applied_to_search_but_not_relevant_facet" time="0.001" /><testcase classname="test_opensearchpy.test_helpers.test_faceted_search" file="test_opensearchpy/test_helpers/test_faceted_search.py" line="120" name="test_filters_are_applied_to_search_ant_relevant_facets" time="0.001" /><testcase classname="test_opensearchpy.test_helpers.test_faceted_search" file="test_opensearchpy/test_helpers/test_faceted_search.py" line="154" name="test_date_histogram_facet_with_1970_01_01_date" time="0.001" /><testcase classname="test_opensearchpy.test_helpers.test_faceted_search" file="test_opensearchpy/test_helpers/test_faceted_search.py" line="160" name="test_date_histogram_interval_types[interval-year]" time="0.001" /><testcase classname="test_opensearchpy.test_helpers.test_faceted_search" file="test_opensearchpy/test_helpers/test_faceted_search.py" line="160" name="test_date_histogram_interval_types[calendar_interval-year]" time="0.001" /><testcase classname="test_opensearchpy.test_helpers.test_faceted_search" file="test_opensearchpy/test_helpers/test_faceted_search.py" line="160" name="test_date_histogram_interval_types[interval-month]" time="0.001" /><testcase classname="test_opensearchpy.test_helpers.test_faceted_search" file="test_opensearchpy/test_helpers/test_faceted_search.py" line="160" name="test_date_histogram_interval_types[calendar_interval-month]" time="0.001" /><testcase classname="test_opensearchpy.test_helpers.test_faceted_search" file="test_opensearchpy/test_helpers/test_faceted_search.py" line="160" name="test_date_histogram_interval_types[interval-week]" time="0.001" /><testcase classname="test_opensearchpy.test_helpers.test_faceted_search" file="test_opensearchpy/test_helpers/test_faceted_search.py" line="160" name="test_date_histogram_interval_types[calendar_interval-week]" time="0.001" /><testcase classname="test_opensearchpy.test_helpers.test_faceted_search" file="test_opensearchpy/test_helpers/test_faceted_search.py" line="160" name="test_date_histogram_interval_types[interval-day]" time="0.001" /><testcase classname="test_opensearchpy.test_helpers.test_faceted_search" file="test_opensearchpy/test_helpers/test_faceted_search.py" line="160" name="test_date_histogram_interval_types[calendar_interval-day]" time="0.001" /><testcase classname="test_opensearchpy.test_helpers.test_faceted_search" file="test_opensearchpy/test_helpers/test_faceted_search.py" line="160" name="test_date_histogram_interval_types[fixed_interval-day]" time="0.001" /><testcase classname="test_opensearchpy.test_helpers.test_faceted_search" file="test_opensearchpy/test_helpers/test_faceted_search.py" line="160" name="test_date_histogram_interval_types[interval-hour]" time="0.001" /><testcase classname="test_opensearchpy.test_helpers.test_faceted_search" file="test_opensearchpy/test_helpers/test_faceted_search.py" line="160" name="test_date_histogram_interval_types[fixed_interval-hour]" time="0.001" /><testcase classname="test_opensearchpy.test_helpers.test_faceted_search" file="test_opensearchpy/test_helpers/test_faceted_search.py" line="160" name="test_date_histogram_interval_types[interval-1Y]" time="0.001" /><testcase classname="test_opensearchpy.test_helpers.test_faceted_search" file="test_opensearchpy/test_helpers/test_faceted_search.py" line="160" name="test_date_histogram_interval_types[calendar_interval-1Y]" time="0.001" /><testcase classname="test_opensearchpy.test_helpers.test_faceted_search" file="test_opensearchpy/test_helpers/test_faceted_search.py" line="160" name="test_date_histogram_interval_types[interval-1M]" time="0.001" /><testcase classname="test_opensearchpy.test_helpers.test_faceted_search" file="test_opensearchpy/test_helpers/test_faceted_search.py" line="160" name="test_date_histogram_interval_types[calendar_interval-1M]" time="0.001" /><testcase classname="test_opensearchpy.test_helpers.test_faceted_search" file="test_opensearchpy/test_helpers/test_faceted_search.py" line="160" name="test_date_histogram_interval_types[interval-1w]" time="0.001" /><testcase classname="test_opensearchpy.test_helpers.test_faceted_search" file="test_opensearchpy/test_helpers/test_faceted_search.py" line="160" name="test_date_histogram_interval_types[calendar_interval-1w]" time="0.001" /><testcase classname="test_opensearchpy.test_helpers.test_faceted_search" file="test_opensearchpy/test_helpers/test_faceted_search.py" line="160" name="test_date_histogram_interval_types[interval-1d]" time="0.001" /><testcase classname="test_opensearchpy.test_helpers.test_faceted_search" file="test_opensearchpy/test_helpers/test_faceted_search.py" line="160" name="test_date_histogram_interval_types[calendar_interval-1d]" time="0.001" /><testcase classname="test_opensearchpy.test_helpers.test_faceted_search" file="test_opensearchpy/test_helpers/test_faceted_search.py" line="160" name="test_date_histogram_interval_types[fixed_interval-1d]" time="0.001" /><testcase classname="test_opensearchpy.test_helpers.test_faceted_search" file="test_opensearchpy/test_helpers/test_faceted_search.py" line="160" name="test_date_histogram_interval_types[interval-1h]" time="0.001" /><testcase classname="test_opensearchpy.test_helpers.test_faceted_search" file="test_opensearchpy/test_helpers/test_faceted_search.py" line="160" name="test_date_histogram_interval_types[fixed_interval-1h]" time="0.001" /><testcase classname="test_opensearchpy.test_helpers.test_faceted_search" file="test_opensearchpy/test_helpers/test_faceted_search.py" line="199" name="test_date_histogram_no_interval_keyerror" time="0.001" /><testcase classname="test_opensearchpy.test_helpers.test_field" file="test_opensearchpy/test_helpers/test_field.py" line="38" name="test_date_range_deserialization" time="0.003" /><testcase classname="test_opensearchpy.test_helpers.test_field" file="test_opensearchpy/test_helpers/test_field.py" line="47" name="test_boolean_deserialization" time="0.001" /><testcase classname="test_opensearchpy.test_helpers.test_field" file="test_opensearchpy/test_helpers/test_field.py" line="60" name="test_date_field_can_have_default_tz" time="0.001" /><testcase classname="test_opensearchpy.test_helpers.test_field" file="test_opensearchpy/test_helpers/test_field.py" line="75" name="test_custom_field_car_wrap_other_field" time="0.001" /><testcase classname="test_opensearchpy.test_helpers.test_field" file="test_opensearchpy/test_helpers/test_field.py" line="86" name="test_field_from_dict" time="0.001" /><testcase classname="test_opensearchpy.test_helpers.test_field" file="test_opensearchpy/test_helpers/test_field.py" line="93" name="test_multi_fields_are_accepted_and_parsed" time="0.001" /><testcase classname="test_opensearchpy.test_helpers.test_field" file="test_opensearchpy/test_helpers/test_field.py" line="109" name="test_nested_provides_direct_access_to_its_fields" time="0.001" /><testcase classname="test_opensearchpy.test_helpers.test_field" file="test_opensearchpy/test_helpers/test_field.py" line="116" name="test_field_supports_multiple_analyzers" time="0.001" /><testcase classname="test_opensearchpy.test_helpers.test_field" file="test_opensearchpy/test_helpers/test_field.py" line="125" name="test_multifield_supports_multiple_analyzers" time="0.001" /><testcase classname="test_opensearchpy.test_helpers.test_field" file="test_opensearchpy/test_helpers/test_field.py" line="145" name="test_scaled_float" time="0.001" /><testcase classname="test_opensearchpy.test_helpers.test_field" file="test_opensearchpy/test_helpers/test_field.py" line="152" name="test_ipaddress" time="0.001" /><testcase classname="test_opensearchpy.test_helpers.test_field" file="test_opensearchpy/test_helpers/test_field.py" line="163" name="test_float" time="0.001" /><testcase classname="test_opensearchpy.test_helpers.test_field" file="test_opensearchpy/test_helpers/test_field.py" line="171" name="test_integer" time="0.001" /><testcase classname="test_opensearchpy.test_helpers.test_field" file="test_opensearchpy/test_helpers/test_field.py" line="179" name="test_binary" time="0.001" /><testcase classname="test_opensearchpy.test_helpers.test_field" file="test_opensearchpy/test_helpers/test_field.py" line="186" name="test_constant_keyword" time="0.001" /><testcase classname="test_opensearchpy.test_helpers.test_field" file="test_opensearchpy/test_helpers/test_field.py" line="191" name="test_rank_features" time="0.000" /><testcase classname="test_opensearchpy.test_helpers.test_field" file="test_opensearchpy/test_helpers/test_field.py" line="196" name="test_object_dynamic_values" time="0.001" /><testcase classname="test_opensearchpy.test_helpers.test_field" file="test_opensearchpy/test_helpers/test_field.py" line="202" name="test_object_disabled" time="0.001" /><testcase classname="test_opensearchpy.test_helpers.test_field" file="test_opensearchpy/test_helpers/test_field.py" line="207" name="test_object_constructor" time="0.001" /><testcase classname="test_opensearchpy.test_helpers.test_index" file="test_opensearchpy/test_helpers/test_index.py" line="39" name="test_multiple_doc_types_will_combine_mappings" time="0.001" /><testcase classname="test_opensearchpy.test_helpers.test_index" file="test_opensearchpy/test_helpers/test_index.py" line="57" name="test_search_is_limited_to_index_name" time="0.001" /><testcase classname="test_opensearchpy.test_helpers.test_index" file="test_opensearchpy/test_helpers/test_index.py" line="64" name="test_cloned_index_has_copied_settings_and_using" time="0.001" /><testcase classname="test_opensearchpy.test_helpers.test_index" file="test_opensearchpy/test_helpers/test_index.py" line="77" name="test_cloned_index_has_analysis_attribute" time="0.001" /><testcase classname="test_opensearchpy.test_helpers.test_index" file="test_opensearchpy/test_helpers/test_index.py" line="97" name="test_settings_are_saved" time="0.000" /><testcase classname="test_opensearchpy.test_helpers.test_index" file="test_opensearchpy/test_helpers/test_index.py" line="105" name="test_registered_doc_type_included_in_to_dict" time="0.001" /><testcase classname="test_opensearchpy.test_helper
[...]
_query" file="test_opensearchpy/test_helpers/test_query.py" line="551" name="test_script_score" time="0.001" /><testcase classname="test_opensearchpy.test_helpers.test_result" file="test_opensearchpy/test_helpers/test_result.py" line="42" name="test_agg_response_is_pickleable" time="0.002" /><testcase classname="test_opensearchpy.test_helpers.test_result" file="test_opensearchpy/test_helpers/test_result.py" line="51" name="test_response_is_pickleable" time="0.001" /><testcase classname="test_opensearchpy.test_helpers.test_result" file="test_opensearchpy/test_helpers/test_result.py" line="61" name="test_hit_is_pickleable" time="0.001" /><testcase classname="test_opensearchpy.test_helpers.test_result" file="test_opensearchpy/test_helpers/test_result.py" line="69" name="test_response_stores_search" time="0.001" /><testcase classname="test_opensearchpy.test_helpers.test_result" file="test_opensearchpy/test_helpers/test_result.py" line="76" name="test_interactive_helpers" time="0.001" /><testcase classname="test_opensearchpy.test_helpers.test_result" file="test_opensearchpy/test_helpers/test_result.py" line="99" name="test_empty_response_is_false" time="0.001" /><testcase classname="test_opensearchpy.test_helpers.test_result" file="test_opensearchpy/test_helpers/test_result.py" line="106" name="test_len_response" time="0.001" /><testcase classname="test_opensearchpy.test_helpers.test_result" file="test_opensearchpy/test_helpers/test_result.py" line="111" name="test_iterating_over_response_gives_you_hits" time="0.001" /><testcase classname="test_opensearchpy.test_helpers.test_result" file="test_opensearchpy/test_helpers/test_result.py" line="128" name="test_hits_get_wrapped_to_contain_additional_attrs" time="0.001" /><testcase classname="test_opensearchpy.test_helpers.test_result" file="test_opensearchpy/test_helpers/test_result.py" line="136" name="test_hits_provide_dot_and_bracket_access_to_attrs" time="0.001" /><testcase classname="test_opensearchpy.test_helpers.test_result" file="test_opensearchpy/test_helpers/test_result.py" line="152" name="test_slicing_on_response_slices_on_hits" time="0.001" /><testcase classname="test_opensearchpy.test_helpers.test_result" file="test_opensearchpy/test_helpers/test_result.py" line="159" name="test_aggregation_base" time="0.001" /><testcase classname="test_opensearchpy.test_helpers.test_result" file="test_opensearchpy/test_helpers/test_result.py" line="164" name="test_metric_agg_works" time="0.001" /><testcase classname="test_opensearchpy.test_helpers.test_result" file="test_opensearchpy/test_helpers/test_result.py" line="168" name="test_aggregations_can_be_iterated_over" time="0.001" /><testcase classname="test_opensearchpy.test_helpers.test_result" file="test_opensearchpy/test_helpers/test_result.py" line="175" name="test_aggregations_can_be_retrieved_by_name" time="0.001" /><testcase classname="test_opensearchpy.test_helpers.test_result" file="test_opensearchpy/test_helpers/test_result.py" line="183" name="test_bucket_response_can_be_iterated_over" time="0.001" /><testcase classname="test_opensearchpy.test_helpers.test_result" file="test_opensearchpy/test_helpers/test_result.py" line="191" name="test_bucket_keys_get_deserialized" time="0.001" /><testcase classname="test_opensearchpy.test_helpers.test_search" file="test_opensearchpy/test_helpers/test_search.py" line="35" name="test_expand__to_dot_is_respected" time="0.001" /><testcase classname="test_opensearchpy.test_helpers.test_search" file="test_opensearchpy/test_helpers/test_search.py" line="41" name="test_execute_uses_cache" time="0.001" /><testcase classname="test_opensearchpy.test_helpers.test_search" file="test_opensearchpy/test_helpers/test_search.py" line="49" name="test_cache_can_be_ignored" time="0.001" /><testcase classname="test_opensearchpy.test_helpers.test_search" file="test_opensearchpy/test_helpers/test_search.py" line="58" name="test_iter_iterates_over_hits" time="0.001" /><testcase classname="test_opensearchpy.test_helpers.test_search" file="test_opensearchpy/test_helpers/test_search.py" line="65" name="test_cache_isnt_cloned" time="0.001" /><testcase classname="test_opensearchpy.test_helpers.test_search" file="test_opensearchpy/test_helpers/test_search.py" line="72" name="test_search_starts_with_no_query" time="0.001" /><testcase classname="test_opensearchpy.test_helpers.test_search" file="test_opensearchpy/test_helpers/test_search.py" line="78" name="test_search_query_combines_query" time="0.001" /><testcase classname="test_opensearchpy.test_helpers.test_search" file="test_opensearchpy/test_helpers/test_search.py" line="90" name="test_query_can_be_assigned_to" time="0.001" /><testcase classname="test_opensearchpy.test_helpers.test_search" file="test_opensearchpy/test_helpers/test_search.py" line="99" name="test_query_can_be_wrapped" time="0.001" /><testcase classname="test_opensearchpy.test_helpers.test_search" file="test_opensearchpy/test_helpers/test_search.py" line="114" name="test_using" time="0.001" /><testcase classname="test_opensearchpy.test_helpers.test_search" file="test_opensearchpy/test_helpers/test_search.py" line="124" name="test_methods_are_proxied_to_the_query" time="0.001" /><testcase classname="test_opensearchpy.test_helpers.test_search" file="test_opensearchpy/test_helpers/test_search.py" line="130" name="test_query_always_returns_search" time="0.001" /><testcase classname="test_opensearchpy.test_helpers.test_search" file="test_opensearchpy/test_helpers/test_search.py" line="136" name="test_source_copied_on_clone" time="0.001" /><testcase classname="test_opensearchpy.test_helpers.test_search" file="test_opensearchpy/test_helpers/test_search.py" line="150" name="test_copy_clones" time="0.001" /><testcase classname="test_opensearchpy.test_helpers.test_search" file="test_opensearchpy/test_helpers/test_search.py" line="160" name="test_aggs_allow_two_metric" time="0.001" /><testcase classname="test_opensearchpy.test_helpers.test_search" file="test_opensearchpy/test_helpers/test_search.py" line="170" name="test_aggs_get_copied_on_change" time="0.001" /><testcase classname="test_opensearchpy.test_helpers.test_search" file="test_opensearchpy/test_helpers/test_search.py" line="202" name="test_search_index" time="0.001" /><testcase classname="test_opensearchpy.test_helpers.test_search" file="test_opensearchpy/test_helpers/test_search.py" line="233" name="test_doc_type_document_class" time="0.001" /><testcase classname="test_opensearchpy.test_helpers.test_search" file="test_opensearchpy/test_helpers/test_search.py" line="246" name="test_sort" time="0.001" /><testcase classname="test_opensearchpy.test_helpers.test_search" file="test_opensearchpy/test_helpers/test_search.py" line="258" name="test_sort_by_score" time="0.001" /><testcase classname="test_opensearchpy.test_helpers.test_search" file="test_opensearchpy/test_helpers/test_search.py" line="268" name="test_slice" time="0.001" /><testcase classname="test_opensearchpy.test_helpers.test_search" file="test_opensearchpy/test_helpers/test_search.py" line="277" name="test_index" time="0.001" /><testcase classname="test_opensearchpy.test_helpers.test_search" file="test_opensearchpy/test_helpers/test_search.py" line="282" name="test_search_to_dict" time="0.001" /><testcase classname="test_opensearchpy.test_helpers.test_search" file="test_opensearchpy/test_helpers/test_search.py" line="311" name="test_complex_example" time="0.001" /><testcase classname="test_opensearchpy.test_helpers.test_search" file="test_opensearchpy/test_helpers/test_search.py" line="362" name="test_reverse" time="0.001" /><testcase classname="test_opensearchpy.test_helpers.test_search" file="test_opensearchpy/test_helpers/test_search.py" line="412" name="test_from_dict_doesnt_need_query" time="0.001" /><testcase classname="test_opensearchpy.test_helpers.test_search" file="test_opensearchpy/test_helpers/test_search.py" line="418" name="test_params_being_passed_to_search" time="0.002" /><testcase classname="test_opensearchpy.test_helpers.test_search" file="test_opensearchpy/test_helpers/test_search.py" line="426" name="test_source" time="0.001" /><testcase classname="test_opensearchpy.test_helpers.test_search" file="test_opensearchpy/test_helpers/test_search.py" line="440" name="test_source_on_clone" time="0.001" /><testcase classname="test_opensearchpy.test_helpers.test_search" file="test_opensearchpy/test_helpers/test_search.py" line="455" name="test_source_on_clear" time="0.001" /><testcase classname="test_opensearchpy.test_helpers.test_search" file="test_opensearchpy/test_helpers/test_search.py" line="465" name="test_suggest_accepts_global_text" time="0.001" /><testcase classname="test_opensearchpy.test_helpers.test_search" file="test_opensearchpy/test_helpers/test_search.py" line="487" name="test_suggest" time="0.001" /><testcase classname="test_opensearchpy.test_helpers.test_search" file="test_opensearchpy/test_helpers/test_search.py" line="496" name="test_exclude" time="0.001" /><testcase classname="test_opensearchpy.test_helpers.test_search" file="test_opensearchpy/test_helpers/test_search.py" line="509" name="test_delete_by_query" time="0.001" /><testcase classname="test_opensearchpy.test_helpers.test_search" file="test_opensearchpy/test_helpers/test_search.py" line="518" name="test_update_from_dict" time="0.001" /><testcase classname="test_opensearchpy.test_helpers.test_search" file="test_opensearchpy/test_helpers/test_search.py" line="529" name="test_rescore_query_to_dict" time="0.001" /><testcase classname="test_opensearchpy.test_helpers.test_update_by_query" file="test_opensearchpy/test_helpers/test_update_by_query.py" line="32" name="test_ubq_starts_with_no_query" time="0.001" /><testcase classname="test_opensearchpy.test_helpers.test_update_by_query" file="test_opensearchpy/test_helpers/test_update_by_query.py" line="38" name="test_ubq_to_dict" time="0.001" /><testcase classname="test_opensearchpy.test_helpers.test_update_by_query" file="test_opensearchpy/test_helpers/test_update_by_query.py" line="54" name="test_complex_example" time="0.001" /><testcase classname="test_opensearchpy.test_helpers.test_update_by_query" file="test_opensearchpy/test_helpers/test_update_by_query.py" line="92" name="test_exclude" time="0.001" /><testcase classname="test_opensearchpy.test_helpers.test_update_by_query" file="test_opensearchpy/test_helpers/test_update_by_query.py" line="105" name="test_reverse" time="0.001" /><testcase classname="test_opensearchpy.test_helpers.test_update_by_query" file="test_opensearchpy/test_helpers/test_update_by_query.py" line="141" name="test_from_dict_doesnt_need_query" time="0.001" /><testcase classname="test_opensearchpy.test_helpers.test_update_by_query" file="test_opensearchpy/test_helpers/test_update_by_query.py" line="147" name="test_params_being_passed_to_search" time="0.001" /><testcase classname="test_opensearchpy.test_helpers.test_update_by_query" file="test_opensearchpy/test_helpers/test_update_by_query.py" line="157" name="test_overwrite_script" time="0.001" /><testcase classname="test_opensearchpy.test_helpers.test_update_by_query" file="test_opensearchpy/test_helpers/test_update_by_query.py" line="173" name="test_update_by_query_response_success" time="0.001" /><testcase classname="test_opensearchpy.test_helpers.test_utils" file="test_opensearchpy/test_helpers/test_utils.py" line="34" name="test_attrdict_pickle" time="0.001" /><testcase classname="test_opensearchpy.test_helpers.test_utils" file="test_opensearchpy/test_helpers/test_utils.py" line="41" name="test_attrlist_pickle" time="0.001" /><testcase classname="test_opensearchpy.test_helpers.test_utils" file="test_opensearchpy/test_helpers/test_utils.py" line="48" name="test_attrlist_slice" time="0.001" /><testcase classname="test_opensearchpy.test_helpers.test_utils" file="test_opensearchpy/test_helpers/test_utils.py" line="56" name="test_merge" time="0.001" /><testcase classname="test_opensearchpy.test_helpers.test_utils" file="test_opensearchpy/test_helpers/test_utils.py" line="65" name="test_merge_conflict" time="0.001" /><testcase classname="test_opensearchpy.test_helpers.test_utils" file="test_opensearchpy/test_helpers/test_utils.py" line="75" name="test_attrdict_bool" time="0.000" /><testcase classname="test_opensearchpy.test_helpers.test_utils" file="test_opensearchpy/test_helpers/test_utils.py" line="83" name="test_attrlist_items_get_wrapped_during_iteration" time="0.001" /><testcase classname="test_opensearchpy.test_helpers.test_utils" file="test_opensearchpy/test_helpers/test_utils.py" line="92" name="test_serializer_deals_with_Attr_versions" time="0.001" /><testcase classname="test_opensearchpy.test_helpers.test_utils" file="test_opensearchpy/test_helpers/test_utils.py" line="100" name="test_serializer_deals_with_objects_with_to_dict" time="0.001" /><testcase classname="test_opensearchpy.test_helpers.test_utils" file="test_opensearchpy/test_helpers/test_utils.py" line="108" name="test_recursive_to_dict" time="0.001" /><testcase classname="test_opensearchpy.test_helpers.test_utils" file="test_opensearchpy/test_helpers/test_utils.py" line="114" name="test_attrdict_get" time="0.000" /><testcase classname="test_opensearchpy.test_helpers.test_validation" file="test_opensearchpy/test_helpers/test_validation.py" line="75" name="test_required_int_can_be_0" time="0.001" /><testcase classname="test_opensearchpy.test_helpers.test_validation" file="test_opensearchpy/test_helpers/test_validation.py" line="83" name="test_required_field_cannot_be_empty_list" time="0.001" /><testcase classname="test_opensearchpy.test_helpers.test_validation" file="test_opensearchpy/test_helpers/test_validation.py" line="92" name="test_validation_works_for_lists_of_values" time="0.001" /><testcase classname="test_opensearchpy.test_helpers.test_validation" file="test_opensearchpy/test_helpers/test_validation.py" line="104" name="test_field_with_custom_clean" time="0.001" /><testcase classname="test_opensearchpy.test_helpers.test_validation" file="test_opensearchpy/test_helpers/test_validation.py" line="111" name="test_empty_object" time="0.001" /><testcase classname="test_opensearchpy.test_helpers.test_validation" file="test_opensearchpy/test_helpers/test_validation.py" line="118" name="test_missing_required_field_raises_validation_exception" time="0.001" /><testcase classname="test_opensearchpy.test_helpers.test_validation" file="test_opensearchpy/test_helpers/test_validation.py" line="133" name="test_boolean_doesnt_treat_false_as_empty" time="0.001" /><testcase classname="test_opensearchpy.test_helpers.test_validation" file="test_opensearchpy/test_helpers/test_validation.py" line="143" name="test_custom_validation_on_nested_gets_run" time="0.001" /><testcase classname="test_opensearchpy.test_helpers.test_validation" file="test_opensearchpy/test_helpers/test_validation.py" line="152" name="test_accessing_known_fields_returns_empty_value" time="0.001" /><testcase classname="test_opensearchpy.test_helpers.test_validation" file="test_opensearchpy/test_helpers/test_validation.py" line="162" name="test_empty_values_are_not_serialized" time="0.001" /><testcase classname="test_opensearchpy.test_helpers.test_wrappers" file="test_opensearchpy/test_helpers/test_wrappers.py" line="33" name="test_range_contains[kwargs0-1]" time="0.001" /><testcase classname="test_opensearchpy.test_helpers.test_wrappers" file="test_opensearchpy/test_helpers/test_wrappers.py" line="33" name="test_range_contains[kwargs1--1]" time="0.001" /><testcase classname="test_opensearchpy.test_helpers.test_wrappers" file="test_opensearchpy/test_helpers/test_wrappers.py" line="33" name="test_range_contains[kwargs2--1]" time="0.001" /><testcase classname="test_opensearchpy.test_helpers.test_wrappers" file="test_opensearchpy/test_helpers/test_wrappers.py" line="33" name="test_range_contains[kwargs3-4]" time="0.001" /><testcase classname="test_opensearchpy.test_helpers.test_wrappers" file="test_opensearchpy/test_helpers/test_wrappers.py" line="33" name="test_range_contains[kwargs4-4]" time="0.001" /><testcase classname="test_opensearchpy.test_helpers.test_wrappers" file="test_opensearchpy/test_helpers/test_wrappers.py" line="33" name="test_range_contains[kwargs5-2]" time="0.001" /><testcase classname="test_opensearchpy.test_helpers.test_wrappers" file="test_opensearchpy/test_helpers/test_wrappers.py" line="33" name="test_range_contains[kwargs6-item6]" time="0.001" /><testcase classname="test_opensearchpy.test_helpers.test_wrappers" file="test_opensearchpy/test_helpers/test_wrappers.py" line="49" name="test_range_not_contains[kwargs0--1]" time="0.001" /><testcase classname="test_opensearchpy.test_helpers.test_wrappers" file="test_opensearchpy/test_helpers/test_wrappers.py" line="49" name="test_range_not_contains[kwargs1-4]" time="0.001" /><testcase classname="test_opensearchpy.test_helpers.test_wrappers" file="test_opensearchpy/test_helpers/test_wrappers.py" line="49" name="test_range_not_contains[kwargs2-42]" time="0.001" /><testcase classname="test_opensearchpy.test_helpers.test_wrappers" file="test_opensearchpy/test_helpers/test_wrappers.py" line="49" name="test_range_not_contains[kwargs3-1]" time="0.001" /><testcase classname="test_opensearchpy.test_helpers.test_wrappers" file="test_opensearchpy/test_helpers/test_wrappers.py" line="49" name="test_range_not_contains[kwargs4-item4]" time="0.001" /><testcase classname="test_opensearchpy.test_helpers.test_wrappers" file="test_opensearchpy/test_helpers/test_wrappers.py" line="63" name="test_range_raises_value_error_on_wrong_params[args0-kwargs0]" time="0.001" /><testcase classname="test_opensearchpy.test_helpers.test_wrappers" file="test_opensearchpy/test_helpers/test_wrappers.py" line="63" name="test_range_raises_value_error_on_wrong_params[args1-kwargs1]" time="0.001" /><testcase classname="test_opensearchpy.test_helpers.test_wrappers" file="test_opensearchpy/test_helpers/test_wrappers.py" line="63" name="test_range_raises_value_error_on_wrong_params[args2-kwargs2]" time="0.001" /><testcase classname="test_opensearchpy.test_helpers.test_wrappers" file="test_opensearchpy/test_helpers/test_wrappers.py" line="63" name="test_range_raises_value_error_on_wrong_params[args3-kwargs3]" time="0.001" /><testcase classname="test_opensearchpy.test_helpers.test_wrappers" file="test_opensearchpy/test_helpers/test_wrappers.py" line="63" name="test_range_raises_value_error_on_wrong_params[args4-kwargs4]" time="0.001" /><testcase classname="test_opensearchpy.test_helpers.test_wrappers" file="test_opensearchpy/test_helpers/test_wrappers.py" line="78" name="test_range_lower[range0-1-False]" time="0.001" /><testcase classname="test_opensearchpy.test_helpers.test_wrappers" file="test_opensearchpy/test_helpers/test_wrappers.py" line="78" name="test_range_lower[range1-1-True]" time="0.001" /><testcase classname="test_opensearchpy.test_helpers.test_wrappers" file="test_opensearchpy/test_helpers/test_wrappers.py" line="78" name="test_range_lower[range2-None-False]" time="0.001" /><testcase classname="test_opensearchpy.test_helpers.test_wrappers" file="test_opensearchpy/test_helpers/test_wrappers.py" line="78" name="test_range_lower[range3-None-False]" time="0.001" /><testcase classname="test_opensearchpy.test_helpers.test_wrappers" file="test_opensearchpy/test_helpers/test_wrappers.py" line="91" name="test_range_upper[range0-1-False]" time="0.001" /><testcase classname="test_opensearchpy.test_helpers.test_wrappers" file="test_opensearchpy/test_helpers/test_wrappers.py" line="91" name="test_range_upper[range1-1-True]" time="0.001" /><testcase classname="test_opensearchpy.test_helpers.test_wrappers" file="test_opensearchpy/test_helpers/test_wrappers.py" line="91" name="test_range_upper[range2-None-False]" time="0.001" /><testcase classname="test_opensearchpy.test_helpers.test_wrappers" file="test_opensearchpy/test_helpers/test_wrappers.py" line="91" name="test_range_upper[range3-None-False]" time="0.001" /></testsuite></testsuites>